1415:2
9265
3589
7932
3846
2643
3832
7950
2884
1971:11
6939
9375
1058:14
2097
4944
5923
0781:18
6406
2862
0899:21
8628
0348:23
2534
2117
0679:26
8214
8086
5132
8230
6647
0938:32
4460
9550
5822
3172
5359
4081
2848
1117:40
4502
8410
2701
9385
2110
5559
6446
2294
8954
9303
8196
4428
8109
7566
5933
4461
2847
5648
2337
8678
3165
2712
0190:63
9145
6485
6692
3460
3486
1045:69
4326
6482
1339:72
3607
2602
4914
1273:76
7245
8700
6606
3155
8817
4881
5209
2096
2829
2540
9171
5364
3678
9259
0360:91
0113:92
3053
0548:94
8204
6652
1384:97
1469:98
5194
1511:100
6094
3305
7270
3657
5959
1953:106
0921:107
8611
7381
9326
1179:111
3105
1185:113
4807
4462
3799
6274
9567
3518
8575
2724
8912
2793
8183
0119:125
4912
9833
6733
6244
0656:130
6430
8602
1394:133
9463
9522
4737
1907:137
0217:138
9860
9437
0277:141
0539:142
2171
7629
3176
7523
8467
4818
4676
6940
5132
0005:152
6812
7145
2635
6082
7785
7713
4275
7789
6091
7363
7178
7214
6844
0901:166
2249
5343
0146:169
5495
8537
1050:172
7922
7968
9258
9235
4201
9956
1121:179
2902
1960:181
8640
3441
8159
8136
2977
4771
3099
6051
8707
2113
4999
9998
3729
7804
9951
0597:197
3173
2816
0963:200
1859:201
5024
4594
5534
6908
3026
4252
2308
2533
4468
5035
2619
3118
8171
0100:215
0313:216
7838
7528
8658
7533
2083
8142
0617:223
1776:224
6914
7303
5982
5349
0428:229
7554
6873
1159:232
5628
6388
2353
7875
9375
1957:238
7818
5778
0532:241
1712:242
2680
6613
0019:245
2787
6611
1959:248
0921:249
6420
1989:251
3809
5257
2010:254
6548
5863
2788
6593
6153
3818
2796
8230
3019
5203
5301
8529
6899
5773
6225
9941
3891
2497
2177
5283
4791
3151
5574
8572
4245
4150
6959
5082
9533
1168:284
6172
7855
8890
7509
8381
7546
3746
4939
3192
5506
0400:295
9277
0167:297
1139:298
0098:299
4882
4012
8583
6160
3563
7076
6010
4710
1819:308
4295
5596
1989:311
4676
7837
4494
4825
5379
7747
2684
7104
0475:320
3464
6208
0466:323
8425
9069
4912
9331
3677
0289:329
8915
2104
7521
6205
6966
0240:335
5803
8150
1935:338
1125:339
3382
4300
3558
7640
2474
9647
3263
9141
9927
2604
2699
2279
6782
3547
8163
6009
3417
2164
1219:358
9245
8631
5030
2861
8297
4555
7067
4983
8505
4945
8858
6926
9956
9092
7210
7975
0930:375
2955
3211
6534
4987
2027:380
5596
0236:382
4806
6549
9119
8818
3479
7753
5663
6980
7426
5425
2786
2551
8184
1757:396
4672
8909
7777
2793
8000
8164
7060
0161:404
4524
9192
1732:407
1721:408
4772
3501
4144
1973:412
5685
4816
1361:415
1573:416
5255
2133
4757
4184
9468
4385
2332
3907
3941
4333
4547
7624
1686:429
2518
9835
6948
5562
0992:434
1922:435
2184
2725
5025
4256
8876
7179
0494:442
6016
5346
6804
9886
2723
2791
7860
8578
4383
8279
6797
6681
4541
0095:456
3883
7863
6095
0680:460
0642:461
2512
5205
1173:464
9298
4896
0841:467
2848
8626
9456
0424:471
1965:472
2850
2221
0661:475
1863:476
0674:477
4278
6220
3919
4945
0471:482
2371
3786
9609
5636
4371
9172
8746
7764
6575
7396
2413
8908
6583
2645
9958
1339:498
0478:499
0275:500
9009
9465
7640
7895
1269:505
4683
9835
2595
7098
2582
2620
5224
8940
7726
7194
7826
8482
6014
7699
0902:520
6401
3639
4437
4553
0506:525
8203
4962
5245
1749:529
3996
5143
1429:532
8091
9065
9250
9372
2169
6461
5157
0985:540
8387
4105
9788
5959
7729
7549
8930
1617:548
5392
8468
1382:551
6868
3868
9427
7415
5991
8559
2524
5953
9594
3104
9972
5246
8084
5987
2736
4469
5848
6538
3673
6222
6260
9912
4608
0512:575
4388
4390
4512
4413
6549
7627
8079
7715
6914
3599
7700
1296:587
1608:588
9441
6948
6855
5848
4063
5342
2072
2258
2848
8648
1584:599
5602
8506
0168:602
4273
9452
2674
6767
8895
2521
3852
2549
9546
6672
7823
9864
5659
6116
3548
8623
0577:619
4564
9803
5593
6345
6817
4324
1125:626
1507:627
6069
4794
5109
6596
0940:632
2522
8879
7108
9314
5669
1368:638
6722
8748
9405
6010
1503:643
3086
1792:645
8680
9208
7476
0917:649
8249
3858
9009
7149
0967:654
5985
2613
6554
9781
8931
2978
4821
6829
9894
8722
6588
0485:666
7564
0142:668
7047
7555
1323:671
7964
1451:673
5237
4623
4364
5428
5844
4795
2658
6782
1051:682
1413:683
5473
5739
5231
1342:687
7166
1021:689
3596
9536
2314
4295
2484
9371
8711
0145:697
7654
0359:699
0279:700
9344
0374:702
2007:703
3105
7853
9062
1983:707
8744
7808
4784
8968
3321
4457
1386:714
8751
9435
0643:717
0218:718
4531
9104
8481
0053:722
7061
4680
6749
1927:726
8191
1979:728
3995
2061
4196
6342
8754
4406
4374
5123
7181
9217
9998
3910
1591:741
9561
8146
7514
2691
2397
4894
0907:748
1864:749
9423
1961:751
5679
4520
8095
1465:755
5022
5231
6038
8193
0142:760
0937:761
6213
7855
9566
3893
7787
0830:767
3906
9792
0773:770
4672
2182
5625
9966
1501:775
4215
0306:777
8038
4477
3454
9202
6054
1466:783
5925
2014:785
9744
2850
7325
1866:789
6002
1324:791
3408
8190
7104
8633
1734:796
6496
5145
3905
7962
6856
1005:802
5081
0665:804
8796
9981
6357
4736
3840
5257
1459:811
1028:812
9706
4140
1109:815
7120
6280
4390
3975
9515
6771
5770
0420:823
3378
6993
6007
2305
5876
3176
3594
2187
3125
1471:833
2053
2928
1918:836
2618
6125
8673
2157
9198
4148
4882
9164
4706
0957:846
5270
6957
2209
1756:850
7116
7229
1098:853
1690:854
9152
8017
3506
7127
4858
3222
8718
3520
9353
9657
2512
1083:866
5791
5136
9882
0914:870
4421
0067:872
5103
3467
1103:875
1412:876
6711
1369:878
9086
5851
6398
3150
1970:883
1651:884
5116
8517
1437:887
6576
1835:889
1556:890
5088
4909
9898
5998
2387
3455
2833
1635:898
5076
4791
8535
8932
2618
5489
6321
3293
3089
8570
6420
4675
2590
7091
5481
4165
4985
9461
6371
8027
0981:919
9943
0992:921
4488
9575
7128
2890
5923
2332
6097
2997
1208:930
4433
5732
6548
9382
3911
9325
9746
3667
3058
3604
1428:941
1388:942
3032
0382:944
4903
7589
8524
3744
1702:949
9132
7656
1809:952
3773
4440
3070
7469
2112
0191:958
3020
3303
8019
7621
1011:963
0044:964
9293
2151
6084
2444
8596
3766
9838
9522
8684
7831
2355
2658
2131
4495
7685
7262
4334
4189
3039
6864
2624
3410
7732
2697
8028
0731:990
8915
4411
0104:993
4682
3252
7162
0105:997
2652
2721
1166:1000
0396:1001
6655
7309
2547
1105:1005
5785
3763
4668
2065
3109
8965
2691
8620
5647
6931
2570
5863
5662
0185:1019
5810
0729:1021
3606
5987
6486
1179:1025
1045:1026
3348
8503
4611
3657
6867
5324
9441
6680
3962
6579
7877
1855:1038
6084
5529
6541
2665
4085
3061
4344
4318
5867
6975
1456:1049
6140
6800
7002
3787
7659
1344:1055
0171:1056
2749
4704
2056
2230
5389
9456
1314:1063
0711:1064
2700
0407:1066
8547
3326
9939
0814:1070
5466
4645
8807
9727
0826:1075
6830
6343
2858
7856
9830
5235
8089
3306
5757
4067
9545
7163
7752
5420
2114
9557
6158
1400:1093
2501
2622
8594
1302:1097
1647:1098
1550:1099
9792
5923
0990:1102
7965
4737
6125
5176
5675
1357:1108
5178
2966
6454
7791
7450
1129:1114
9614
8903
0463:1117
9947
1329:1119
6210
7340
4375
1895:1123
7359
6145
8901
9389
7131
1179:1129
0429:1130
7828
5647
5032
0319:1134
8691
5140
2870
8085
9904
8010
9412
1472:1142
2131
7947
6477
7262
2414
2548
5454
0332:1150
1571:1151
8530
6142
2881
3758
5043
0633:1157
2175
1829:1159
7986
6223
7172
1591:1163
6077
1669:1165
2547
4873
8986
6549
4945
0114:1171
6540
6284
3366
3937
9003
9769
2656
7214
6385
3067
3609
6571
2091
8076
3832
7166
4162
7488
8800
7869
2560
2902
2847
2104
0317:1196
2118
6082
0419:1199
0004:1200
2296
6171
1963:1203
7792
1337:1205
5751
1495:1207
9501
5660
4963
1862:1211
9472
6547
3642
5230
8177
0367:1217
5159
0673:1219
5023
5072
8354
0567:1223
0403:1224
8674
3513
6222
2477
1589:1229
1504:1230
9530
9844
4893
3309
6340
8780
7693
2599
3978
0541:1240
9341
4473
7744
1842:1244
6312
9860
8099
8886
8741
3260
4721
5695
1623:1253
9658
6457
3021
6315
9819
3195
1673:1260
5381
2974
1677:1263
2947
8672
4229
2465
4366
8009
8067
6928
2382
8068
9964
0048:1275
2435
4037
0141:1278
6314
9658
9794
0924:1282
3237
8969
0706:1285
9779
4223
6250
8221
6889
5738
3798
6230
0159:1294
3776
4716
5122
8935
7860
1588:1300
1617:1301
5578
2973
5233
4460
4281
5126
2720
3734
3146
5319
7777
4160
3199
0665:1315
5418
7639
7929
3344
1952:1320
1541:1321
3418
9948
5444
7345
6738
3162
4993
4191
3181
4809
2777
7103
8638
7734
3177
2075
4565
4532
2077
7092
1201:1342
9051
6609
6280
4909
2636
0197:1348
5988
2816
1332:1351
3166
6365
2861
9326
6863
3606
2735
6763
0354:1360
4776
2803
5045
0777:1364
2355
4710
5859
5487
0279:1369
0814:1370
3562
4014
5171
8062
4643
6267
9456
1275:1378
3181
3407
8330
3362
5423
2783
9449
7538
2437
2058
3531
1477:1390
1199:1391
2606
3813
3467
7687
9695
9703
0983:1398
3913
0771:1400
0987:1401
0408:1402
5913
3746
4144
2822
7726
3465
9470
4745
8784
7787
2019:1413
2771
5280
7317
6790
7707
1572:1419
1344:1420
4730
6057
0073:1423
3492
4369
3113
8350
4931
6312
8404
2512
1925:1432
6517
9806
9411
3528
0131:1437
4701
3047
8164
3788
5185
2909
2854
5201
1658:1446
3934
1965:1448
6213
4914
3415
9562
5865
8655
7055
2690
4965
2098
5803
3850
7224
2648
2939
7285
8478
3163
0577:1467
7756
0688:1469
8764
4624
8246
8579
2603
9535
2773
4803
0480:1478
2900
5876
0758:1481
2510
4747
0916:1484
4396
1362:1486
6760
4492
5627
4204
2083
2085
6611
9062
5454
3372
1315:1497
3595
8450
6877
2460
2901
6187
6679
5240
6163
4252
2577
1954:1509
2916
2991
9306
4553
7799
1403:1515
7340
4328
7526
2888
9639
9587
9475
7291
7464
2635
7455
2540
7909
1451:1529
3571
1136:1531
9410
9119
3932
5191
0760:1536
2082
5202
6187
9853
1887:1541
7058
4297
2591
6778
1314:1546
9699
0090:1548
1921:1549
1697:1550
1737:1551
2784
7684
7268
6084
9003
3770
2424
2916
5130
0500:1561
5168
3233
6435
0389:1565
5170
2989
3922
3345
1722:1570
0138:1571
1280:1572
6965
0117:1574
8440
8745
1960:1577
1212:1578
2859
9371
6231
3017
1144:1583
4846
4090
3890
6449
5444
0061:1589
9869
0754:1591
8516
0263:1593
2750
5298
3491
8740
7866
8088
1833:1600
8510
2283
3450
8504
8608
2503
9302
1332:1608
1971:1609
5518
4306
3545
5007
6682
8294
9304
1377:1617
6552
7939
7517
5461
3953
9846
8339
3638
3047
4611
9966
5385
8153
8420
5685
3386
2186
7252
3340
2830
8711
2328
2789
2125
0771:1642
2629
4632
2956
3989
8989
3582
1167:1649
4562
7010
2183
5646
2201
3496
7151
8819
0973:1658
0381:1659
1980:1660
0497:1661
3407
2396
1036:1664
8540
6643
1939:1667
5097
9019
0699:1670
6395
5245
3005
4505
8068
5501
9567
3022
9219
1393:1680
3918
5680
3449
0398:1684
2059
5510
0226:1687
3535
3619
2041:1690
9947
4553
8593
8102
3439
5544
9597
7837
7902
3742
1617:1701
2711
1723:1703
6434
3543
9478
2218
1852:1708
8624
0851:1710
4006
6604
4332
5888
5698
6705
4315
4706
9657
4745
8550
3323
2334
2107
3015
4594
0516:1727
5537
9068
6627
3337
9958
5115
6257
8432
2988
2737
2319
8987
5714
1595:1741
7811
1963:1743
5833
0059:1745
4087
3068
1216:1748
0287:1749
6496
2867
4460
4774
6491
5995
0549:1756
7374
2562
6901
0490:1760
3778
1986:1762
8359
3814
6574
1268:1766
0492:1767
5648
7985
5614
5372
3478
6733
0390:1774
4688
3834
3634
6553
7949
8641
9270
5638
7293
1748:1784
7233
2083
7601
1230:1788
2991
1367:1790
9386
2708
9438
7993
6201
6295
1541:1797
3371
4248
9283
0722:1801
0126:1802
9014
7546
6847
6535
7616
4773
7946
7520
0490:1811
7571
5552
7819
6536
2132
3926
4061
6013
6358
1559:1821
0742:1822
2020:1823
2031:1824
8727
7605
2772
1900:1828
5561
4842
5551
8792
5303
4351
3984
4253
2234
1576:1838
2336
1064:1840
2506
3904
9750
0865:1844
6271
0953:1846
5919
4658
9751
4131
0348:1851
2276
9306
2474
3536
3256
9160
7815
4781
8115
2843
6679
5706
1108:1864
6153
3150
4452
1274:1868
7392
4544
9454
2368
2886
0613:1874
4084
1486:1876
3776
7009
6120
7151
2491
4043
0272:1883
5386
0764:1885
8236
3414
3346
2351
8975
7664
5216
4137
6796
9031
4950
1910:1897
8575
9844
2391
9862
9164
2193
9949
0723:1905
6234
6468
4411
7394
0326:1910
5918
4044
3780
5133
3894
5257
4239
9508
2965
9122
8508
5558
2157
2503
1071:1925
2570
1266:1927
8302
4029
2952
5220
1187:1932
2676
7562
2041:1935
5420
5161
8416
3484
7565
1699:1941
9811
6141
0100:1944
2996
0783:1946
8690
9291
6030
2884
0026:1951
9104
1407:1953
9288
6215
0784:1956
2451
6709
0870:1959
0069:1960
9282
1206:1962
6041
8371
8065
3556
7252
5325
6753
2861
2910
4248
7761
8258
2976
5157
9598
4703
5622
2629
3486
0034:1982
1587:1983
2298
0534:1985
9896
5022
6291
7487
8820
2734
2092
2224
5339
8562
6476
6914
9055
6284
2503
9127
5771
0284:2003
0279:2004
9806
6365
8254
8892
6488
0254:2010
5661
0172:2012
9670
2664
0765:2015
5904
2909
9456
8150
6526
5305
3718
2941
2703
3693
1378:2026
5178
6090
4070
8667
1149:2031
6558
3434
3476
9338
5781
7113
8645
5873
6781
2301
4587
6871
2660
3489
1390:2046
9562
0099:2048
3936
1031:2050
0291:2051
6161
5288
1384:2054
3790
9904
2317
4733
6394
8045
7593
1493:2062
1405:2063
2976
3475
7481
1935:2067
6709
1101:2069
3775
1721:2071
0080:2072
3155
9024
8530
9066
9203
7671
9220
3322
9094
3346
7685
1422:2084
1447:2085
7379
3937
5170
3443
6619
9104
0337:2092
5111
7354
7191
8550
4644
9026
3655
1281:2100
6228
8244
6257
5916
3330
3910
7225
3837
4218
2140
8835
0865:2112
7391
7715
0968:2115
2887
4782
6569
9599
5744
9066
1758:2122
3441
3752
2397
0968:2126
3408
0053:2128
5598
4917
5417
3818
8399
9446
9748
6762
6551
6582
7658
4835
8845
3142
7756
8790
0290:2145
9517
0283:2147
5297
1634:2149
4562
1296:2151
4043
5231
1760:2154
0665:2155
1012:2156
4120
0659:2158
7558
5127
6178
5838
2920
4197
4844
2360
8007
1930:2168
4576
1893:2170
2349
2292
7965
0198:2174
7518
7212
7267
5079
8125
5470
9589
0455:2182
6357
9212
2103
3346
6974
9923
5630
2549
4780
2490
1141:2193
9521
2382
8153
0911:2197
4079
0738:2199
6025
1522:2201
7429
9581
8072
4716
2591
6685
4513
3312
3948
0494:2211
7079
1191:2213
5326
7343
0282:2216
4418
6041
4263
6395
4800
0448:2222
0026:2223
7049
6248
2017:2226
9289
6476
6975
8318
3271
3142
5170
2969
2348
8962
7668
4403
2326
0927:2240
5249
6035
7996
4692
5650
4936
8183
6090
0323:2249
8092
9345
9588
9706
9536
5349
4060
3402
1665:2258
4437
5589
0045:2261
6328
8225
0545:2264
2556
4056
4482
4651
5187
5471
1962:2271
1844:2272
3965
8253
3754
3885
6909
4113
0315:2279
0952:2280
6179
3780
0297:2283
4120
7665
1479:2286
3942
5902
9896
9594
6995
5657
6121
8656
1967:2295
3378
6236
2561
2521
6320
8628
6922
2103
2748
8921
8654
3648
0229:2308
6780
7057
6561
5144
6320
4692
7906
8212
0738:2317
8377
8142
3356
2823
6089
6320
8068
2224
6801
2248
2611
7718
5896
3814
0918:2332
3903
6736
7222
0888:2336
3215
1375:2338
5600
3727
9839
4004
1529:2343
7002
8783
0766:2346
7094
4474
5601
3455
6417
2543
7090
6979
3961
2257
1429:2357
8946
7154
3578
4687
8861
4445
8123
1459:2365
3571
9849
2252
8471
6050
4922
1242:2372
4701
4121
4780
5734
5510
5008
0190:2379
8699
6033
0276:2382
3478
7081
0817:2385
5450
1193:2387
0714:2388
1223:2389
3908
6639
3833
9529
4257
8690
5076
4310
0638:2398
3519
8343
8934
1596:2402
1318:2403
5434
7546
4955
6978
1038:2408
2930
9716
4651
4384
0700:2413
7073
6041
1237:2416
3599
8434
5225
1610:2420
5070
2705
6235
2660
1276:2425
4848
3084
0761:2428
1830:2429
1305:2430
2793
2054
2746
2865
4036
0367:2436
4532
8651
0570:2439
6587
4882
2569
8157
9367
8976
6974
2205
7505
9683
4408
6973
5020
1410:2453
2067
2358
5020
0724:2457
5225
6326
5134
1055:2461
9240
1902:2463
7421
6248
4391
4035
9989
5353
9459
0944:2471
0704:2472
6912
0914:2474
0938:2475
7001
2645
6001
6237
4288
0210:2481
9276
4579
3106
5792
2955
2498
8727
5846
1012:2490
6483
6999
8922
5695
9688
1592:2496
0560:2497
0101:2498
6552
5637
5678

Sorted array: 
0 3 4 5 19 26 26 34 44 45 48 53 53 59 61 67 69 73 80 90 95 98 99 100 100 101 104 105 113 114 117 119 126 131 138 141 142 142 145 146 159 161 167 168 171 172 185 190 190 191 197 198 210 217 218 226 229 236 240 254 263 272 275 276 277 279 279 279 282 283 284 287 289 290 291 297 306 313 315 317 319 323 326 332 337 348 348 354 359 360 367 367 374 381 382 389 390 396 398 400 403 407 408 419 420 424 428 429 448 455 463 466 471 475 478 480 485 490 490 492 494 494 497 500 506 512 516 532 534 539 541 545 548 549 560 567 570 577 577 597 613 617 633 638 642 643 656 659 661 665 665 665 673 674 679 680 688 699 700 704 706 711 714 722 723 724 729 731 738 738 742 754 758 760 761 764 765 766 771 771 773 777 781 783 784 814 814 817 826 830 841 851 865 865 870 888 899 901 902 907 911 914 914 916 917 918 921 921 924 927 930 937 938 938 940 944 952 953 957 963 967 968 968 973 981 983 985 987 990 992 992 1005 1011 1012 1012 1021 1028 1031 1036 1038 1045 1045 1050 1051 1055 1058 1064 1071 1083 1098 1101 1103 1105 1108 1109 1117 1121 1125 1125 1129 1136 1139 1141 1144 1149 1159 1166 1167 1168 1173 1179 1179 1179 1185 1187 1191 1193 1199 1201 1206 1208 1212 1216 1219 1223 1230 1237 1242 1266 1268 1269 1273 1274 1275 1276 1280 1281 1296 1296 1302 1305 1314 1314 1315 1318 1323 1324 1329 1332 1332 1337 1339 1339 1342 1344 1344 1357 1361 1362 1367 1368 1369 1375 1377 1378 1382 1384 1384 1386 1388 1390 1393 1394 1400 1403 1405 1407 1410 1412 1413 1415 1422 1428 1429 1429 1437 1447 1451 1451 1456 1459 1459 1465 1466 1469 1471 1472 1477 1479 1486 1493 1495 1501 1503 1504 1507 1511 1522 1529 1541 1541 1550 1556 1559 1571 1572 1573 1576 1584 1587 1588 1589 1591 1591 1592 1595 1596 1608 1610 1617 1617 1617 1623 1634 1635 1647 1651 1658 1665 1669 1673 1677 1686 1690 1697 1699 1702 1712 1721 1721 1722 1723 1732 1734 1737 1748 1749 1756 1757 1758 1760 1776 1792 1809 1819 1829 1830 1833 1835 1842 1844 1852 1855 1859 1862 1863 1864 1866 1887 1893 1895 1900 1902 1907 1910 1918 1921 1922 1925 1927 1930 1935 1935 1939 1952 1953 1954 1957 1959 1960 1960 1961 1962 1963 1963 1965 1965 1967 1970 1971 1971 1973 1979 1980 1983 1986 1989 1989 2007 2010 2014 2017 2019 2020 2027 2031 2041 2041 2053 2054 2056 2058 2059 2061 2065 2067 2072 2075 2077 2082 2083 2083 2083 2085 2091 2092 2096 2097 2098 2103 2103 2104 2104 2107 2110 2112 2113 2114 2117 2118 2125 2131 2131 2132 2133 2140 2151 2157 2157 2164 2169 2171 2175 2177 2182 2183 2184 2186 2187 2193 2201 2205 2209 2218 2221 2224 2224 2230 2234 2248 2249 2252 2257 2258 2276 2279 2283 2292 2294 2296 2298 2301 2305 2308 2314 2317 2319 2326 2328 2332 2332 2334 2336 2337 2348 2349 2351 2353 2355 2355 2358 2360 2368 2371 2382 2382 2387 2391 2396 2397 2397 2413 2414 2424 2435 2437 2444 2451 2460 2465 2474 2474 2477 2484 2490 2491 2497 2498 2501 2503 2503 2503 2506 2510 2512 2512 2512 2518 2521 2521 2522 2524 2533 2534 2540 2540 2543 2547 2547 2548 2549 2549 2551 2556 2560 2561 2562 2569 2570 2570 2577 2582 2590 2591 2591 2595 2599 2602 2603 2604 2606 2611 2613 2618 2618 2619 2620 2622 2624 2629 2629 2635 2635 2636 2643 2645 2645 2648 2652 2656 2658 2658 2660 2660 2664 2665 2674 2676 2680 2684 2690 2691 2691 2697 2699 2700 2701 2703 2705 2708 2711 2712 2720 2721 2723 2724 2725 2734 2735 2736 2737 2746 2748 2749 2750 2771 2772 2773 2777 2783 2784 2786 2787 2788 2789 2791 2793 2793 2793 2796 2803 2816 2816 2822 2823 2829 2830 2833 2843 2847 2847 2848 2848 2848 2850 2850 2854 2858 2859 2861 2861 2861 2862 2865 2867 2870 2881 2884 2884 2886 2887 2888 2890 2900 2901 2902 2902 2909 2909 2910 2916 2916 2920 2928 2930 2939 2941 2947 2952 2955 2955 2956 2965 2966 2969 2973 2974 2976 2976 2977 2978 2988 2989 2991 2991 2996 2997 3005 3015 3017 3019 3020 3021 3022 3026 3032 3039 3047 3047 3053 3058 3061 3067 3068 3070 3084 3086 3089 3099 3104 3105 3105 3106 3109 3113 3118 3125 3142 3142 3146 3150 3150 3151 3155 3155 3162 3163 3165 3166 3172 3173 3176 3176 3177 3181 3181 3192 3195 3199 3211 3215 3222 3233 3237 3252 3256 3260 3263 3271 3293 3303 3305 3306 3309 3312 3321 3322 3323 3326 3330 3337 3340 3344 3345 3346 3346 3346 3348 3356 3362 3366 3371 3372 3378 3378 3382 3386 3402 3407 3407 3408 3408 3410 3414 3415 3417 3418 3434 3439 3441 3441 3443 3449 3450 3454 3455 3455 3460 3464 3465 3467 3467 3475 3476 3478 3478 3479 3484 3486 3486 3489 3491 3492 3496 3501 3506 3513 3518 3519 3520 3528 3531 3535 3536 3543 3545 3547 3548 3556 3558 3562 3563 3571 3571 3578 3582 3589 3594 3595 3596 3599 3599 3604 3606 3606 3607 3609 3619 3634 3638 3639 3642 3648 3655 3657 3657 3667 3673 3677 3678 3693 3718 3727 3729 3734 3742 3744 3746 3746 3752 3754 3758 3763 3766 3770 3773 3775 3776 3776 3778 3780 3780 3786 3787 3788 3790 3798 3799 3809 3813 3814 3814 3818 3818 3832 3832 3833 3834 3837 3840 3846 3850 3852 3858 3868 3883 3885 3890 3891 3893 3894 3903 3904 3905 3906 3907 3908 3910 3910 3911 3913 3918 3919 3922 3926 3932 3934 3936 3937 3937 3941 3942 3948 3953 3961 3962 3965 3975 3978 3984 3989 3995 3996 4004 4006 4012 4014 4029 4035 4036 4037 4043 4043 4044 4056 4060 4061 4063 4067 4070 4079 4081 4084 4085 4087 4090 4105 4113 4120 4120 4121 4131 4137 4140 4144 4144 4148 4150 4160 4162 4165 4184 4189 4191 4196 4197 4201 4204 4215 4218 4223 4229 4239 4245 4248 4248 4252 4252 4253 4256 4257 4263 4273 4275 4278 4281 4288 4295 4295 4297 4300 4306 4310 4315 4318 4324 4326 4328 4332 4333 4334 4344 4351 4364 4366 4369 4371 4374 4375 4383 4384 4385 4388 4390 4390 4391 4396 4403 4406 4408 4411 4411 4413 4418 4421 4428 4433 4437 4437 4440 4445 4452 4457 4460 4460 4460 4461 4462 4468 4469 4473 4474 4477 4482 4488 4492 4494 4495 4502 4505 4512 4513 4520 4524 4531 4532 4532 4541 4544 4547 4553 4553 4553 4555 4562 4562 4564 4565 4576 4579 4587 4594 4594 4608 4611 4611 4623 4624 4632 4643 4644 4645 4651 4651 4658 4668 4672 4672 4675 4676 4676 4680 4682 4683 4687 4688 4692 4692 4701 4701 4703 4704 4706 4706 4710 4710 4716 4716 4721 4730 4733 4736 4737 4737 4745 4745 4747 4757 4771 4772 4773 4774 4776 4780 4780 4781 4782 4784 4791 4791 4794 4795 4800 4803 4806 4807 4809 4816 4818 4821 4825 4835 4842 4844 4846 4848 4858 4873 4881 4882 4882 4882 4893 4894 4896 4903 4909 4909 4912 4912 4914 4914 4917 4922 4931 4936 4939 4944 4945 4945 4945 4950 4955 4962 4963 4965 4983 4985 4987 4993 4999 5007 5008 5020 5020 5022 5022 5023 5024 5025 5030 5032 5035 5043 5045 5070 5072 5076 5076 5079 5081 5082 5088 5097 5103 5109 5111 5115 5116 5122 5123 5126 5127 5130 5132 5132 5133 5134 5136 5140 5143 5144 5145 5157 5157 5159 5161 5168 5170 5170 5170 5171 5176 5178 5178 5185 5187 5191 5194 5201 5202 5203 5205 5209 5216 5220 5224 5225 5225 5230 5231 5231 5231 5233 5235 5237 5240 5245 5245 5246 5249 5255 5257 5257 5257 5270 5280 5283 5288 5297 5298 5301 5303 5305 5319 5324 5325 5326 5339 5342 5343 5346 5349 5349 5353 5359 5364 5372 5379 5381 5385 5386 5389 5392 5417 5418 5420 5420 5423 5425 5428 5434 5444 5444 5450 5454 5454 5461 5466 5470 5471 5473 5481 5487 5489 5495 5501 5506 5510 5510 5518 5529 5534 5537 5544 5551 5552 5558 5559 5561 5562 5574 5578 5589 5593 5596 5596 5598 5600 5601 5602 5614 5622 5625 5627 5628 5630 5636 5637 5638 5646 5647 5647 5648 5648 5650 5657 5659 5660 5661 5662 5663 5667 5669 5675 5678 5679 5680 5685 5685 5695 5695 5698 5706 5714 5732 5734 5738 5739 5744 5751 5757 5770 5771 5773 5778 5781 5785 5791 5792 5803 5803 5810 5822 5833 5838 5844 5846 5848 5848 5851 5859 5863 5863 5865 5867 5873 5876 5876 5888 5896 5902 5904 5913 5916 5918 5919 5923 5923 5923 5925 5933 5953 5959 5959 5982 5985 5987 5987 5988 5991 5995 5998 6001 6002 6007 6009 6010 6010 6013 6014 6016 6025 6030 6033 6035 6038 6041 6041 6041 6050 6051 6054 6057 6069 6077 6082 6082 6084 6084 6084 6089 6090 6090 6091 6094 6095 6097 6116 6120 6121 6125 6125 6140 6141 6142 6145 6153 6153 6158 6160 6161 6163 6171 6172 6178 6179 6187 6187 6201 6205 6208 6210 6213 6213 6215 6220 6222 6222 6223 6225 6228 6230 6231 6234 6235 6236 6237 6244 6248 6248 6250 6257 6257 6260 6267 6271 6274 6280 6280 6284 6284 6291 6295 6312 6312 6314 6315 6320 6320 6320 6321 6326 6328 6340 6342 6343 6345 6357 6357 6358 6365 6365 6371 6385 6388 6394 6395 6395 6398 6401 6406 6417 6420 6420 6430 6434 6435 6446 6449 6454 6457 6461 6468 6476 6476 6477 6482 6483 6485 6486 6488 6491 6496 6496 6517 6526 6534 6535 6536 6538 6540 6541 6547 6548 6548 6549 6549 6549 6551 6552 6552 6553 6554 6558 6561 6569 6571 6574 6575 6576 6579 6582 6583 6587 6588 6593 6596 6604 6606 6609 6611 6611 6613 6619 6627 6639 6643 6647 6652 6655 6672 6679 6679 6680 6681 6682 6685 6692 6705 6709 6709 6711 6722 6733 6733 6736 6738 6749 6753 6760 6762 6763 6767 6771 6778 6780 6781 6782 6782 6790 6796 6797 6800 6801 6804 6812 6817 6829 6830 6844 6847 6855 6856 6863 6864 6867 6868 6871 6873 6877 6889 6899 6901 6908 6909 6912 6914 6914 6914 6922 6926 6928 6931 6939 6940 6948 6948 6957 6959 6965 6966 6973 6974 6974 6975 6975 6978 6979 6980 6993 6995 6999 7001 7002 7002 7009 7010 7047 7049 7055 7057 7058 7060 7061 7067 7073 7076 7079 7081 7090 7091 7092 7094 7098 7103 7104 7104 7108 7113 7116 7120 7127 7128 7131 7145 7149 7151 7151 7154 7162 7163 7166 7166 7172 7178 7179 7181 7191 7194 7210 7212 7214 7214 7222 7224 7225 7229 7233 7245 7252 7252 7262 7262 7267 7268 7270 7285 7291 7293 7303 7309 7317 7325 7340 7340 7343 7345 7354 7359 7363 7374 7379 7381 7391 7392 7394 7396 7415 7421 7426 7429 7450 7455 7464 7469 7476 7481 7487 7488 7505 7509 7514 7517 7518 7520 7521 7523 7526 7528 7533 7538 7546 7546 7546 7549 7554 7555 7558 7562 7564 7565 7566 7571 7589 7593 7601 7605 7616 7621 7624 7627 7629 7639 7640 7640 7654 7656 7658 7659 7664 7665 7668 7671 7684 7685 7685 7687 7693 7699 7700 7707 7713 7715 7715 7718 7726 7726 7729 7732 7734 7744 7747 7752 7753 7756 7756 7761 7764 7777 7777 7785 7787 7787 7789 7791 7792 7799 7804 7808 7811 7815 7818 7819 7823 7826 7828 7831 7837 7837 7838 7853 7855 7855 7856 7860 7860 7863 7866 7869 7875 7877 7895 7902 7906 7909 7922 7929 7932 7939 7946 7947 7949 7950 7962 7964 7965 7965 7968 7975 7985 7986 7993 7996 8000 8007 8009 8010 8017 8019 8027 8028 8038 8045 8062 8065 8067 8068 8068 8068 8072 8076 8079 8084 8085 8086 8088 8089 8091 8092 8095 8099 8102 8109 8115 8123 8125 8136 8142 8142 8146 8150 8150 8153 8153 8157 8159 8163 8164 8164 8171 8177 8183 8183 8184 8190 8191 8193 8196 8203 8204 8212 8214 8221 8225 8230 8230 8236 8244 8246 8249 8253 8254 8258 8279 8294 8297 8302 8318 8330 8339 8343 8350 8354 8359 8371 8377 8381 8387 8399 8404 8410 8416 8420 8425 8432 8434 8440 8450 8467 8468 8471 8478 8481 8482 8503 8504 8505 8506 8508 8510 8516 8517 8524 8529 8530 8530 8535 8537 8540 8547 8550 8550 8559 8562 8570 8572 8575 8575 8578 8579 8583 8593 8594 8596 8602 8608 8611 8620 8623 8624 8626 8628 8628 8631 8633 8638 8640 8641 8645 8648 8651 8654 8655 8656 8658 8667 8672 8673 8674 8678 8680 8684 8690 8690 8691 8699 8700 8707 8711 8711 8718 8722 8727 8727 8740 8741 8744 8745 8746 8748 8751 8754 8764 8780 8783 8784 8790 8792 8796 8800 8807 8817 8818 8819 8820 8835 8845 8858 8861 8876 8879 8886 8890 8892 8895 8901 8903 8908 8909 8912 8915 8915 8921 8922 8930 8931 8932 8934 8935 8940 8946 8954 8962 8965 8968 8969 8975 8976 8986 8987 8989 9003 9003 9009 9009 9014 9019 9024 9026 9031 9051 9055 9062 9062 9065 9066 9066 9068 9069 9086 9092 9094 9104 9104 9104 9119 9119 9122 9127 9132 9141 9145 9152 9160 9164 9164 9171 9172 9192 9198 9202 9203 9208 9212 9217 9219 9220 9235 9240 9245 9250 9258 9259 9265 9270 9276 9277 9282 9283 9288 9289 9291 9293 9298 9302 9303 9304 9306 9306 9314 9325 9326 9326 9331 9338 9341 9344 9345 9353 9367 9371 9371 9372 9375 9375 9382 9385 9386 9389 9405 9410 9411 9412 9423 9427 9435 9437 9438 9441 9441 9446 9449 9452 9454 9456 9456 9456 9456 9459 9461 9463 9465 9468 9470 9472 9475 9478 9501 9508 9515 9517 9521 9522 9522 9529 9530 9533 9535 9536 9536 9545 9546 9550 9557 9561 9562 9562 9566 9567 9567 9575 9581 9587 9588 9589 9594 9594 9597 9598 9599 9609 9614 9639 9647 9657 9657 9658 9658 9670 9683 9688 9695 9699 9703 9706 9706 9716 9727 9744 9746 9748 9750 9751 9769 9779 9781 9788 9792 9792 9794 9803 9806 9806 9811 9819 9830 9833 9835 9835 9838 9839 9844 9844 9846 9849 9853 9860 9860 9862 9864 9869 9882 9886 9894 9896 9896 9898 9904 9904 9912 9923 9927 9939 9941 9943 9947 9947 9948 9949 9951 9956 9956 9958 9958 9964 9966 9966 9972 9981 9989 9998 9998 
Sorted array: 
0 3 4 5 19 26 26 34 44 45 48 53 53 59 61 67 69 73 80 90 95 98 99 100 100 101 104 105 113 114 117 119 126 131 138 141 142 142 145 146 159 161 167 168 171 172 185 190 190 191 197 198 210 217 218 226 229 236 240 254 263 272 275 276 277 279 279 279 282 283 284 287 289 290 291 297 306 313 315 317 319 323 326 332 337 348 348 354 359 360 367 367 374 381 382 389 390 396 398 400 403 407 408 419 420 424 428 429 448 455 463 466 471 475 478 480 485 490 490 492 494 494 497 500 506 512 516 532 534 539 541 545 548 549 560 567 570 577 577 597 613 617 633 638 642 643 656 659 661 665 665 665 673 674 679 680 688 699 700 704 706 711 714 722 723 724 729 731 738 738 742 754 758 760 761 764 765 766 771 771 773 777 781 783 784 814 814 817 826 830 841 851 865 865 870 888 899 901 902 907 911 914 914 916 917 918 921 921 924 927 930 937 938 938 940 944 952 953 957 963 967 968 968 973 981 983 985 987 990 992 992 1005 1011 1012 1012 1021 1028 1031 1036 1038 1045 1045 1050 1051 1055 1058 1064 1071 1083 1098 1101 1103 1105 1108 1109 1117 1121 1125 1125 1129 1136 1139 1141 1144 1149 1159 1166 1167 1168 1173 1179 1179 1179 1185 1187 1191 1193 1199 1201 1206 1208 1212 1216 1219 1223 1230 1237 1242 1266 1268 1269 1273 1274 1275 1276 1280 1281 1296 1296 1302 1305 1314 1314 1315 1318 1323 1324 1329 1332 1332 1337 1339 1339 1342 1344 1344 1357 1361 1362 1367 1368 1369 1375 1377 1378 1382 1384 1384 1386 1388 1390 1393 1394 1400 1403 1405 1407 1410 1412 1413 1415 1422 1428 1429 1429 1437 1447 1451 1451 1456 1459 1459 1465 1466 1469 1471 1472 1477 1479 1486 1493 1495 1501 1503 1504 1507 1511 1522 1529 1541 1541 1550 1556 1559 1571 1572 1573 1576 1584 1587 1588 1589 1591 1591 1592 1595 1596 1608 1610 1617 1617 1617 1623 1634 1635 1647 1651 1658 1665 1669 1673 1677 1686 1690 1697 1699 1702 1712 1721 1721 1722 1723 1732 1734 1737 1748 1749 1756 1757 1758 1760 1776 1792 1809 1819 1829 1830 1833 1835 1842 1844 1852 1855 1859 1862 1863 1864 1866 1887 1893 1895 1900 1902 1907 1910 1918 1921 1922 1925 1927 1930 1935 1935 1939 1952 1953 1954 1957 1959 1960 1960 1961 1962 1963 1963 1965 1965 1967 1970 1971 1971 1973 1979 1980 1983 1986 1989 1989 2007 2010 2014 2017 2019 2020 2027 2031 2041 2041 2053 2054 2056 2058 2059 2061 2065 2067 2072 2075 2077 2082 2083 2083 2083 2085 2091 2092 2096 2097 2098 2103 2103 2104 2104 2107 2110 2112 2113 2114 2117 2118 2125 2131 2131 2132 2133 2140 2151 2157 2157 2164 2169 2171 2175 2177 2182 2183 2184 2186 2187 2193 2201 2205 2209 2218 2221 2224 2224 2230 2234 2248 2249 2252 2257 2258 2276 2279 2283 2292 2294 2296 2298 2301 2305 2308 2314 2317 2319 2326 2328 2332 2332 2334 2336 2337 2348 2349 2351 2353 2355 2355 2358 2360 2368 2371 2382 2382 2387 2391 2396 2397 2397 2413 2414 2424 2435 2437 2444 2451 2460 2465 2474 2474 2477 2484 2490 2491 2497 2498 2501 2503 2503 2503 2506 2510 2512 2512 2512 2518 2521 2521 2522 2524 2533 2534 2540 2540 2543 2547 2547 2548 2549 2549 2551 2556 2560 2561 2562 2569 2570 2570 2577 2582 2590 2591 2591 2595 2599 2602 2603 2604 2606 2611 2613 2618 2618 2619 2620 2622 2624 2629 2629 2635 2635 2636 2643 2645 2645 2648 2652 2656 2658 2658 2660 2660 2664 2665 2674 2676 2680 2684 2690 2691 2691 2697 2699 2700 2701 2703 2705 2708 2711 2712 2720 2721 2723 2724 2725 2734 2735 2736 2737 2746 2748 2749 2750 2771 2772 2773 2777 2783 2784 2786 2787 2788 2789 2791 2793 2793 2793 2796 2803 2816 2816 2822 2823 2829 2830 2833 2843 2847 2847 2848 2848 2848 2850 2850 2854 2858 2859 2861 2861 2861 2862 2865 2867 2870 2881 2884 2884 2886 2887 2888 2890 2900 2901 2902 2902 2909 2909 2910 2916 2916 2920 2928 2930 2939 2941 2947 2952 2955 2955 2956 2965 2966 2969 2973 2974 2976 2976 2977 2978 2988 2989 2991 2991 2996 2997 3005 3015 3017 3019 3020 3021 3022 3026 3032 3039 3047 3047 3053 3058 3061 3067 3068 3070 3084 3086 3089 3099 3104 3105 3105 3106 3109 3113 3118 3125 3142 3142 3146 3150 3150 3151 3155 3155 3162 3163 3165 3166 3172 3173 3176 3176 3177 3181 3181 3192 3195 3199 3211 3215 3222 3233 3237 3252 3256 3260 3263 3271 3293 3303 3305 3306 3309 3312 3321 3322 3323 3326 3330 3337 3340 3344 3345 3346 3346 3346 3348 3356 3362 3366 3371 3372 3378 3378 3382 3386 3402 3407 3407 3408 3408 3410 3414 3415 3417 3418 3434 3439 3441 3441 3443 3449 3450 3454 3455 3455 3460 3464 3465 3467 3467 3475 3476 3478 3478 3479 3484 3486 3486 3489 3491 3492 3496 3501 3506 3513 3518 3519 3520 3528 3531 3535 3536 3543 3545 3547 3548 3556 3558 3562 3563 3571 3571 3578 3582 3589 3594 3595 3596 3599 3599 3604 3606 3606 3607 3609 3619 3634 3638 3639 3642 3648 3655 3657 3657 3667 3673 3677 3678 3693 3718 3727 3729 3734 3742 3744 3746 3746 3752 3754 3758 3763 3766 3770 3773 3775 3776 3776 3778 3780 3780 3786 3787 3788 3790 3798 3799 3809 3813 3814 3814 3818 3818 3832 3832 3833 3834 3837 3840 3846 3850 3852 3858 3868 3883 3885 3890 3891 3893 3894 3903 3904 3905 3906 3907 3908 3910 3910 3911 3913 3918 3919 3922 3926 3932 3934 3936 3937 3937 3941 3942 3948 3953 3961 3962 3965 3975 3978 3984 3989 3995 3996 4004 4006 4012 4014 4029 4035 4036 4037 4043 4043 4044 4056 4060 4061 4063 4067 4070 4079 4081 4084 4085 4087 4090 4105 4113 4120 4120 4121 4131 4137 4140 4144 4144 4148 4150 4160 4162 4165 4184 4189 4191 4196 4197 4201 4204 4215 4218 4223 4229 4239 4245 4248 4248 4252 4252 4253 4256 4257 4263 4273 4275 4278 4281 4288 4295 4295 4297 4300 4306 4310 4315 4318 4324 4326 4328 4332 4333 4334 4344 4351 4364 4366 4369 4371 4374 4375 4383 4384 4385 4388 4390 4390 4391 4396 4403 4406 4408 4411 4411 4413 4418 4421 4428 4433 4437 4437 4440 4445 4452 4457 4460 4460 4460 4461 4462 4468 4469 4473 4474 4477 4482 4488 4492 4494 4495 4502 4505 4512 4513 4520 4524 4531 4532 4532 4541 4544 4547 4553 4553 4553 4555 4562 4562 4564 4565 4576 4579 4587 4594 4594 4608 4611 4611 4623 4624 4632 4643 4644 4645 4651 4651 4658 4668 4672 4672 4675 4676 4676 4680 4682 4683 4687 4688 4692 4692 4701 4701 4703 4704 4706 4706 4710 4710 4716 4716 4721 4730 4733 4736 4737 4737 4745 4745 4747 4757 4771 4772 4773 4774 4776 4780 4780 4781 4782 4784 4791 4791 4794 4795 4800 4803 4806 4807 4809 4816 4818 4821 4825 4835 4842 4844 4846 4848 4858 4873 4881 4882 4882 4882 4893 4894 4896 4903 4909 4909 4912 4912 4914 4914 4917 4922 4931 4936 4939 4944 4945 4945 4945 4950 4955 4962 4963 4965 4983 4985 4987 4993 4999 5007 5008 5020 5020 5022 5022 5023 5024 5025 5030 5032 5035 5043 5045 5070 5072 5076 5076 5079 5081 5082 5088 5097 5103 5109 5111 5115 5116 5122 5123 5126 5127 5130 5132 5132 5133 5134 5136 5140 5143 5144 5145 5157 5157 5159 5161 5168 5170 5170 5170 5171 5176 5178 5178 5185 5187 5191 5194 5201 5202 5203 5205 5209 5216 5220 5224 5225 5225 5230 5231 5231 5231 5233 5235 5237 5240 5245 5245 5246 5249 5255 5257 5257 5257 5270 5280 5283 5288 5297 5298 5301 5303 5305 5319 5324 5325 5326 5339 5342 5343 5346 5349 5349 5353 5359 5364 5372 5379 5381 5385 5386 5389 5392 5417 5418 5420 5420 5423 5425 5428 5434 5444 5444 5450 5454 5454 5461 5466 5470 5471 5473 5481 5487 5489 5495 5501 5506 5510 5510 5518 5529 5534 5537 5544 5551 5552 5558 5559 5561 5562 5574 5578 5589 5593 5596 5596 5598 5600 5601 5602 5614 5622 5625 5627 5628 5630 5636 5637 5638 5646 5647 5647 5648 5648 5650 5657 5659 5660 5661 5662 5663 5667 5669 5675 5678 5679 5680 5685 5685 5695 5695 5698 5706 5714 5732 5734 5738 5739 5744 5751 5757 5770 5771 5773 5778 5781 5785 5791 5792 5803 5803 5810 5822 5833 5838 5844 5846 5848 5848 5851 5859 5863 5863 5865 5867 5873 5876 5876 5888 5896 5902 5904 5913 5916 5918 5919 5923 5923 5923 5925 5933 5953 5959 5959 5982 5985 5987 5987 5988 5991 5995 5998 6001 6002 6007 6009 6010 6010 6013 6014 6016 6025 6030 6033 6035 6038 6041 6041 6041 6050 6051 6054 6057 6069 6077 6082 6082 6084 6084 6084 6089 6090 6090 6091 6094 6095 6097 6116 6120 6121 6125 6125 6140 6141 6142 6145 6153 6153 6158 6160 6161 6163 6171 6172 6178 6179 6187 6187 6201 6205 6208 6210 6213 6213 6215 6220 6222 6222 6223 6225 6228 6230 6231 6234 6235 6236 6237 6244 6248 6248 6250 6257 6257 6260 6267 6271 6274 6280 6280 6284 6284 6291 6295 6312 6312 6314 6315 6320 6320 6320 6321 6326 6328 6340 6342 6343 6345 6357 6357 6358 6365 6365 6371 6385 6388 6394 6395 6395 6398 6401 6406 6417 6420 6420 6430 6434 6435 6446 6449 6454 6457 6461 6468 6476 6476 6477 6482 6483 6485 6486 6488 6491 6496 6496 6517 6526 6534 6535 6536 6538 6540 6541 6547 6548 6548 6549 6549 6549 6551 6552 6552 6553 6554 6558 6561 6569 6571 6574 6575 6576 6579 6582 6583 6587 6588 6593 6596 6604 6606 6609 6611 6611 6613 6619 6627 6639 6643 6647 6652 6655 6672 6679 6679 6680 6681 6682 6685 6692 6705 6709 6709 6711 6722 6733 6733 6736 6738 6749 6753 6760 6762 6763 6767 6771 6778 6780 6781 6782 6782 6790 6796 6797 6800 6801 6804 6812 6817 6829 6830 6844 6847 6855 6856 6863 6864 6867 6868 6871 6873 6877 6889 6899 6901 6908 6909 6912 6914 6914 6914 6922 6926 6928 6931 6939 6940 6948 6948 6957 6959 6965 6966 6973 6974 6974 6975 6975 6978 6979 6980 6993 6995 6999 7001 7002 7002 7009 7010 7047 7049 7055 7057 7058 7060 7061 7067 7073 7076 7079 7081 7090 7091 7092 7094 7098 7103 7104 7104 7108 7113 7116 7120 7127 7128 7131 7145 7149 7151 7151 7154 7162 7163 7166 7166 7172 7178 7179 7181 7191 7194 7210 7212 7214 7214 7222 7224 7225 7229 7233 7245 7252 7252 7262 7262 7267 7268 7270 7285 7291 7293 7303 7309 7317 7325 7340 7340 7343 7345 7354 7359 7363 7374 7379 7381 7391 7392 7394 7396 7415 7421 7426 7429 7450 7455 7464 7469 7476 7481 7487 7488 7505 7509 7514 7517 7518 7520 7521 7523 7526 7528 7533 7538 7546 7546 7546 7549 7554 7555 7558 7562 7564 7565 7566 7571 7589 7593 7601 7605 7616 7621 7624 7627 7629 7639 7640 7640 7654 7656 7658 7659 7664 7665 7668 7671 7684 7685 7685 7687 7693 7699 7700 7707 7713 7715 7715 7718 7726 7726 7729 7732 7734 7744 7747 7752 7753 7756 7756 7761 7764 7777 7777 7785 7787 7787 7789 7791 7792 7799 7804 7808 7811 7815 7818 7819 7823 7826 7828 7831 7837 7837 7838 7853 7855 7855 7856 7860 7860 7863 7866 7869 7875 7877 7895 7902 7906 7909 7922 7929 7932 7939 7946 7947 7949 7950 7962 7964 7965 7965 7968 7975 7985 7986 7993 7996 8000 8007 8009 8010 8017 8019 8027 8028 8038 8045 8062 8065 8067 8068 8068 8068 8072 8076 8079 8084 8085 8086 8088 8089 8091 8092 8095 8099 8102 8109 8115 8123 8125 8136 8142 8142 8146 8150 8150 8153 8153 8157 8159 8163 8164 8164 8171 8177 8183 8183 8184 8190 8191 8193 8196 8203 8204 8212 8214 8221 8225 8230 8230 8236 8244 8246 8249 8253 8254 8258 8279 8294 8297 8302 8318 8330 8339 8343 8350 8354 8359 8371 8377 8381 8387 8399 8404 8410 8416 8420 8425 8432 8434 8440 8450 8467 8468 8471 8478 8481 8482 8503 8504 8505 8506 8508 8510 8516 8517 8524 8529 8530 8530 8535 8537 8540 8547 8550 8550 8559 8562 8570 8572 8575 8575 8578 8579 8583 8593 8594 8596 8602 8608 8611 8620 8623 8624 8626 8628 8628 8631 8633 8638 8640 8641 8645 8648 8651 8654 8655 8656 8658 8667 8672 8673 8674 8678 8680 8684 8690 8690 8691 8699 8700 8707 8711 8711 8718 8722 8727 8727 8740 8741 8744 8745 8746 8748 8751 8754 8764 8780 8783 8784 8790 8792 8796 8800 8807 8817 8818 8819 8820 8835 8845 8858 8861 8876 8879 8886 8890 8892 8895 8901 8903 8908 8909 8912 8915 8915 8921 8922 8930 8931 8932 8934 8935 8940 8946 8954 8962 8965 8968 8969 8975 8976 8986 8987 8989 9003 9003 9009 9009 9014 9019 9024 9026 9031 9051 9055 9062 9062 9065 9066 9066 9068 9069 9086 9092 9094 9104 9104 9104 9119 9119 9122 9127 9132 9141 9145 9152 9160 9164 9164 9171 9172 9192 9198 9202 9203 9208 9212 9217 9219 9220 9235 9240 9245 9250 9258 9259 9265 9270 9276 9277 9282 9283 9288 9289 9291 9293 9298 9302 9303 9304 9306 9306 9314 9325 9326 9326 9331 9338 9341 9344 9345 9353 9367 9371 9371 9372 9375 9375 9382 9385 9386 9389 9405 9410 9411 9412 9423 9427 9435 9437 9438 9441 9441 9446 9449 9452 9454 9456 9456 9456 9456 9459 9461 9463 9465 9468 9470 9472 9475 9478 9501 9508 9515 9517 9521 9522 9522 9529 9530 9533 9535 9536 9536 9545 9546 9550 9557 9561 9562 9562 9566 9567 9567 9575 9581 9587 9588 9589 9594 9594 9597 9598 9599 9609 9614 9639 9647 9657 9657 9658 9658 9670 9683 9688 9695 9699 9703 9706 9706 9716 9727 9744 9746 9748 9750 9751 9769 9779 9781 9788 9792 9792 9794 9803 9806 9806 9811 9819 9830 9833 9835 9835 9838 9839 9844 9844 9846 9849 9853 9860 9860 9862 9864 9869 9882 9886 9894 9896 9896 9898 9904 9904 9912 9923 9927 9939 9941 9943 9947 9947 9948 9949 9951 9956 9956 9958 9958 9964 9966 9966 9972 9981 9989 9998 9998 
