0005:2
0019:3
0100:4
0113:5
0119:6
0146:7
0190:8
0217:9
0277:10
0313:11
0348:12
0360:13
0428:14
0532:15
0539:16
0548:17
0597:18
0617:19
0656:20
0679:21
0781:22
0899:23
0901:24
0921:25
0921:26
0938:27
0963:28
1045:29
1050:30
1058:31
1117:32
1121:33
1159:34
1179:35
1185:36
1273:37
1339:38
1384:39
1394:40
1415:41
1469:42
1511:43
1712:44
1776:45
1859:46
1907:47
1953:48
1957:49
1959:50
1960:51
1971:52
1989:53

Sorted array: 
0 3 5 19 100 113 119 146 190 217 277 313 348 360 428 532 539 548 597 617 656 679 781 899 901 921 921 938 963 1045 1050 1058 1117 1121 1159 1179 1185 1273 1339 1384 1394 1415 1469 1511 1712 1776 1859 1907 1953 1957 1959 1960 1971 1989 2083 2096 2097 2110 2113 2117 2171 2249 2294 2308 2337 2353 2533 2534 2540 2602 2619 2635 2643 2680 2701 2712 2724 2787 2793 2816 2829 2847 2848 2862 2884 2902 2977 3026 3053 3099 3105 3118 3155 3165 3172 3173 3176 3305 3441 3460 3486 3518 3589 3607 3657 3678 3729 3799 3809 3832 3846 4081 4201 4252 4275 4326 4428 4460 4461 4462 4468 4502 4594 4676 4737 4771 4807 4818 4881 4912 4914 4944 4999 5024 5035 5132 5132 5194 5209 5343 5349 5359 5364 5495 5534 5559 5628 5648 5778 5822 5923 5933 5959 5982 6051 6082 6091 6094 6244 6274 6388 6406 6420 6430 6446 6482 6485 6606 6611 6613 6647 6652 6692 6733 6812 6844 6873 6908 6914 6939 6940 7145 7178 7214 7245 7270 7303 7363 7381 7523 7528 7533 7554 7566 7629 7713 7785 7789 7804 7818 7838 7875 7922 7932 7950 7968 8086 8109 8136 8142 8159 8171 8183 8196 8204 8214 8230 8410 8467 8537 8575 8602 8611 8628 8640 8658 8678 8700 8707 8817 8912 8954 9145 9171 9235 9258 9259 9265 9303 9326 9375 9375 9385 9437 9463 9522 9550 9567 9833 9860 9951 9956 9998 
