0004:2
0005:3
0006:4
0008:5
0008:6
0010:7
0010:8
0018:9
0019:10
0026:11
0026:12
0027:13
0031:14
0034:15
0036:16
0044:17
0045:18
0045:19
0047:20
0048:21
0053:22
0053:23
0059:24
0061:25
0065:26
0067:27
0069:28
0069:29
0073:30
0073:31
0075:32
0080:33
0085:34
0087:35
0090:36
0094:37
0095:38
0098:39
0099:40
0100:41
0100:42
0101:43
0104:44
0105:45
0109:46
0113:47
0113:48
0114:49
0117:50
0119:51
0121:52
0125:53
0126:54
0131:55
0131:56
0134:57
0136:58
0136:59
0138:60
0138:61
0141:62
0142:63
0142:64
0142:65
0143:66
0145:67
0146:68
0159:69
0161:70
0161:71
0162:72
0162:73
0163:74
0165:75
0167:76
0167:77
0168:78
0168:79
0171:80
0171:81
0172:82
0173:83
0175:84
0176:85
0176:86
0178:87
0178:88
0182:89
0184:90
0185:91
0188:92
0190:93
0190:94
0191:95
0193:96
0197:97
0198:98
0206:99
0210:100
0214:101
0214:102
0214:103
0216:104
0217:105
0217:106
0218:107
0221:108
0224:109
0225:110
0226:111
0228:112
0229:113
0230:114
0232:115
0234:116
0236:117
0237:118
0240:119
0244:120
0247:121
0254:122
0263:123
0267:124
0267:125
0272:126
0273:127
0275:128
0276:129
0277:130
0277:131
0279:132
0279:133
0279:134
0282:135
0283:136
0283:137
0284:138
0287:139
0289:140
0290:141
0291:142
0297:143
0298:144
0302:145
0302:146
0306:147
0311:148
0313:149
0315:150
0315:151
0317:152
0318:153
0319:154
0320:155
0321:156
0323:157
0326:158
0326:159
0332:160
0332:161
0333:162
0337:163
0341:164
0344:165
0346:166
0348:167
0348:168
0348:169
0352:170
0353:171
0354:172
0354:173
0355:174
0358:175
0359:176
0360:177
0366:178
0367:179
0367:180
0368:181
0372:182
0373:183
0373:184
0374:185
0378:186
0381:187
0382:188
0386:189
0389:190
0390:191
0390:192
0392:193
0394:194
0395:195
0396:196
0396:197
0398:198
0400:199
0403:200
0405:201
0407:202
0408:203
0410:204
0415:205
0416:206
0416:207
0419:208
0419:209
0420:210
0424:211
0424:212
0424:213
0425:214
0426:215
0428:216
0429:217
0435:218
0436:219
0438:220
0440:221
0441:222
0448:223
0448:224
0450:225
0453:226
0454:227
0455:228
0463:229
0466:230
0466:231
0466:232
0471:233
0471:234
0475:235
0477:236
0478:237
0479:238
0480:239
0485:240
0488:241
0488:242
0490:243
0490:244
0492:245
0492:246
0494:247
0494:248
0497:249
0499:250
0500:251
0506:252
0507:253
0508:254
0510:255
0512:256
0515:257
0516:258
0530:259
0532:260
0534:261
0538:262
0539:263
0541:264
0543:265
0544:266
0545:267
0545:268
0546:269
0547:270
0548:271
0549:272
0557:273
0558:274
0560:275
0563:276
0563:277
0565:278
0567:279
0570:280
0576:281
0577:282
0577:283
0585:284
0586:285
0594:286
0594:287
0595:288
0597:289
0597:290
0598:291
0601:292
0602:293
0613:294
0616:295
0617:296
0618:297
0630:298
0633:299
0638:300
0641:301
0642:302
0643:303
0643:304
0648:305
0649:306
0650:307
0656:308
0659:309
0661:310
0665:311
0665:312
0665:313
0673:314
0674:315
0676:316
0679:317
0680:318
0681:319
0683:320
0688:321
0695:322
0699:323
0700:324
0704:325
0706:326
0706:327
0707:328
0709:329
0709:330
0709:331
0711:332
0711:333
0714:334
0716:335
0721:336
0722:337
0723:338
0724:339
0728:340
0729:341
0729:342
0731:343
0733:344
0734:345
0735:346
0736:347
0736:348
0738:349
0738:350
0742:351
0742:352
0742:353
0748:354
0750:355
0753:356
0753:357
0754:358
0754:359
0757:360
0758:361
0760:362
0761:363
0764:364
0765:365
0765:366
0766:367
0769:368
0770:369
0771:370
0771:371
0772:372
0773:373
0773:374
0777:375
0779:376
0781:377
0783:378
0784:379
0784:380
0792:381
0796:382
0800:383
0801:384
0801:385
0804:386
0814:387
0814:388
0816:389
0816:390
0817:391
0819:392
0824:393
0826:394
0830:395
0841:396
0841:397
0845:398
0850:399
0851:400
0851:401
0857:402
0859:403
0862:404
0864:405
0865:406
0865:407
0867:408
0869:409
0870:410
0875:411
0878:412
0884:413
0884:414
0888:415
0890:416
0892:417
0895:418
0897:419
0898:420
0899:421
0899:422
0901:423
0902:424
0907:425
0907:426
0908:427
0911:428
0914:429
0914:430
0916:431
0917:432
0918:433
0921:434
0921:435
0924:436
0925:437
0926:438
0927:439
0930:440
0933:441
0936:442
0937:443
0938:444
0938:445
0940:446
0941:447
0944:448
0945:449
0947:450
0952:451
0953:452
0957:453
0958:454
0960:455
0962:456
0963:457
0967:458
0968:459
0968:460
0971:461
0972:462
0972:463
0973:464
0980:465
0981:466
0981:467
0983:468
0985:469
0987:470
0987:471
0990:472
0992:473
0992:474
0995:475
1000:476
1001:477
1001:478
1003:479
1004:480
1005:481
1009:482
1011:483
1011:484
1011:485
1012:486
1012:487
1013:488
1015:489
1017:490
1021:491
1023:492
1024:493
1025:494
1025:495
1028:496
1031:497
1031:498
1034:499
1036:500
1038:501
1044:502
1045:503
1045:504
1048:505
1049:506
1050:507
1051:508
1055:509
1057:510
1058:511
1063:512
1064:513
1068:514
1071:515
1080:516
1083:517
1084:518
1087:519
1098:520
1101:521
1102:522
1103:523
1105:524
1108:525
1109:526
1112:527
1113:528
1113:529
1117:530
1121:531
1122:532
1125:533
1125:534
1125:535
1129:536
1129:537
1129:538
1134:539
1136:540
1137:541
1139:542
1139:543
1139:544
1139:545
1141:546
1144:547
1147:548
1149:549
1159:550
1162:551
1166:552
1167:553
1168:554
1168:555
1169:556
1173:557
1177:558
1179:559
1179:560
1179:561
1185:562
1187:563
1191:564
1193:565
1193:566
1196:567
1199:568
1199:569
1200:570
1201:571
1201:572
1202:573
1206:574
1208:575
1209:576
1212:577
1212:578
1215:579
1216:580
1217:581
1219:582
1222:583
1223:584
1225:585
1230:586
1237:587
1238:588
1242:589
1248:590
1249:591
1262:592
1266:593
1266:594
1268:595
1269:596
1272:597
1273:598
1274:599
1275:600
1276:601
1278:602
1280:603
1280:604
1281:605
1294:606
1296:607
1296:608
1300:609
1301:610
1301:611
1302:612
1304:613
1305:614
1305:615
1314:616
1314:617
1315:618
1318:619
1323:620
1324:621
1326:622
1329:623
1332:624
1332:625
1335:626
1337:627
1337:628
1338:629
1338:630
1339:631
1339:632
1341:633
1342:634
1343:635
1344:636
1344:637
1345:638
1347:639
1347:640
1348:641
1349:642
1350:643
1352:644
1357:645
1359:646
1361:647
1362:648
1367:649
1368:650
1369:651
1372:652
1375:653
1375:654
1377:655
1378:656
1380:657
1381:658
1382:659
1383:660
1384:661
1384:662
1384:663
1386:664
1388:665
1390:666
1393:667
1394:668
1400:669
1403:670
1404:671
1405:672
1407:673
1407:674
1407:675
1410:676
1412:677
1412:678
1413:679
1415:680
1422:681
1426:682
1428:683
1428:684
1429:685
1429:686
1437:687
1439:688
1441:689
1441:690
1442:691
1447:692
1449:693
1451:694
1451:695
1456:696
1458:697
1459:698
1459:699
1461:700
1462:701
1463:702
1465:703
1465:704
1466:705
1466:706
1469:707
1471:708
1471:709
1472:710
1475:711
1477:712
1479:713
1485:714
1486:715
1489:716
1491:717
1493:718
1494:719
1495:720
1501:721
1503:722
1503:723
1504:724
1507:725
1507:726
1510:727
1510:728
1511:729
1512:730
1513:731
1515:732
1515:733
1521:734
1522:735
1525:736
1528:737
1529:738
1537:739
1541:740
1541:741
1550:742
1552:743
1556:744
1557:745
1558:746
1559:747
1560:748
1565:749
1569:750
1571:751
1572:752
1573:753
1573:754
1576:755
1580:756
1581:757
1582:758
1582:759
1584:760
1587:761
1587:762
1588:763
1588:764
1589:765
1591:766
1591:767
1591:768
1592:769
1592:770
1595:771
1595:772
1596:773
1598:774
1601:775
1602:776
1605:777
1608:778
1610:779
1610:780
1612:781
1612:782
1613:783
1615:784
1616:785
1617:786
1617:787
1617:788
1620:789
1623:790
1630:791
1633:792
1634:793
1634:794
1635:795
1647:796
1647:797
1649:798
1651:799
1653:800
1654:801
1656:802
1658:803
1663:804
1664:805
1665:806
1669:807
1671:808
1671:809
1673:810
1677:811
1686:812
1690:813
1696:814
1697:815
1699:816
1702:817
1703:818
1709:819
1709:820
1709:821
1712:822
1721:823
1721:824
1722:825
1723:826
1732:827
1733:828
1734:829
1735:830
1737:831
1745:832
1748:833
1749:834
1749:835
1751:836
1756:837
1756:838
1757:839
1758:840
1760:841
1764:842
1765:843
1768:844
1776:845
1776:846
1779:847
1783:848
1785:849
1786:850
1792:851
1794:852
1797:853
1799:854
1799:855
1807:856
1807:857
1809:858
1810:859
1817:860
1819:861
1819:862
1825:863
1828:864
1829:865
1830:866
1830:867
1833:868
1834:869
1835:870
1835:871
1839:872
1840:873
1840:874
1842:875
1844:876
1852:877
1855:878
1855:879
1856:880
1859:881
1862:882
1863:883
1864:884
1866:885
1872:886
1874:887
1881:888
1884:889
1887:890
1891:891
1893:892
1895:893
1895:894
1900:895
1902:896
1907:897
1910:898
1912:899
1917:900
1918:901
1918:902
1919:903
1921:904
1921:905
1922:906
1922:907
1925:908
1927:909
1930:910
1935:911
1935:912
1939:913
1952:914
1953:915
1954:916
1957:917
1958:918
1959:919
1960:920
1960:921
1960:922
1961:923
1962:924
1963:925
1963:926
1963:927
1964:928
1964:929
1965:930
1965:931
1965:932
1965:933
1967:934
1967:935
1970:936
1971:937
1971:938
1972:939
1973:940
1976:941
1978:942
1979:943
1979:944
1980:945
1983:946
1983:947
1985:948
1986:949
1986:950
1989:951
1989:952
2007:953
2007:954
2010:955
2010:956
2014:957
2017:958
2019:959
2019:960
2020:961
2027:962
2027:963
2031:964
2035:965
2038:966
2040:967
2041:968
2041:969
2043:970
2046:971
2046:972

Sorted array: 
0 3 4 5 6 8 8 10 10 18 19 26 26 27 31 34 36 44 45 45 47 48 53 53 59 61 65 67 69 69 73 73 75 80 85 87 90 94 95 98 99 100 100 101 104 105 109 113 113 114 117 119 121 125 126 131 131 134 136 136 138 138 141 142 142 142 143 145 146 159 161 161 162 162 163 165 167 167 168 168 171 171 172 173 175 176 176 178 178 182 184 185 188 190 190 191 193 197 198 206 210 214 214 214 216 217 217 218 221 224 225 226 228 229 230 232 234 236 237 240 244 247 254 263 267 267 272 273 275 276 277 277 279 279 279 282 283 283 284 287 289 290 291 297 298 302 302 306 311 313 315 315 317 318 319 320 321 323 326 326 332 332 333 337 341 344 346 348 348 348 352 353 354 354 355 358 359 360 366 367 367 368 372 373 373 374 378 381 382 386 389 390 390 392 394 395 396 396 398 400 403 405 407 408 410 415 416 416 419 419 420 424 424 424 425 426 428 429 435 436 438 440 441 448 448 450 453 454 455 463 466 466 466 471 471 475 477 478 479 480 485 488 488 490 490 492 492 494 494 497 499 500 506 507 508 510 512 515 516 530 532 534 538 539 541 543 544 545 545 546 547 548 549 557 558 560 563 563 565 567 570 576 577 577 585 586 594 594 595 597 597 598 601 602 613 616 617 618 630 633 638 641 642 643 643 648 649 650 656 659 661 665 665 665 673 674 676 679 680 681 683 688 695 699 700 704 706 706 707 709 709 709 711 711 714 716 721 722 723 724 728 729 729 731 733 734 735 736 736 738 738 742 742 742 748 750 753 753 754 754 757 758 760 761 764 765 765 766 769 770 771 771 772 773 773 777 779 781 783 784 784 792 796 800 801 801 804 814 814 816 816 817 819 824 826 830 841 841 845 850 851 851 857 859 862 864 865 865 867 869 870 875 878 884 884 888 890 892 895 897 898 899 899 901 902 907 907 908 911 914 914 916 917 918 921 921 924 925 926 927 930 933 936 937 938 938 940 941 944 945 947 952 953 957 958 960 962 963 967 968 968 971 972 972 973 980 981 981 983 985 987 987 990 992 992 995 1000 1001 1001 1003 1004 1005 1009 1011 1011 1011 1012 1012 1013 1015 1017 1021 1023 1024 1025 1025 1028 1031 1031 1034 1036 1038 1044 1045 1045 1048 1049 1050 1051 1055 1057 1058 1063 1064 1068 1071 1080 1083 1084 1087 1098 1101 1102 1103 1105 1108 1109 1112 1113 1113 1117 1121 1122 1125 1125 1125 1129 1129 1129 1134 1136 1137 1139 1139 1139 1139 1141 1144 1147 1149 1159 1162 1166 1167 1168 1168 1169 1173 1177 1179 1179 1179 1185 1187 1191 1193 1193 1196 1199 1199 1200 1201 1201 1202 1206 1208 1209 1212 1212 1215 1216 1217 1219 1222 1223 1225 1230 1237 1238 1242 1248 1249 1262 1266 1266 1268 1269 1272 1273 1274 1275 1276 1278 1280 1280 1281 1294 1296 1296 1300 1301 1301 1302 1304 1305 1305 1314 1314 1315 1318 1323 1324 1326 1329 1332 1332 1335 1337 1337 1338 1338 1339 1339 1341 1342 1343 1344 1344 1345 1347 1347 1348 1349 1350 1352 1357 1359 1361 1362 1367 1368 1369 1372 1375 1375 1377 1378 1380 1381 1382 1383 1384 1384 1384 1386 1388 1390 1393 1394 1400 1403 1404 1405 1407 1407 1407 1410 1412 1412 1413 1415 1422 1426 1428 1428 1429 1429 1437 1439 1441 1441 1442 1447 1449 1451 1451 1456 1458 1459 1459 1461 1462 1463 1465 1465 1466 1466 1469 1471 1471 1472 1475 1477 1479 1485 1486 1489 1491 1493 1494 1495 1501 1503 1503 1504 1507 1507 1510 1510 1511 1512 1513 1515 1515 1521 1522 1525 1528 1529 1537 1541 1541 1550 1552 1556 1557 1558 1559 1560 1565 1569 1571 1572 1573 1573 1576 1580 1581 1582 1582 1584 1587 1587 1588 1588 1589 1591 1591 1591 1592 1592 1595 1595 1596 1598 1601 1602 1605 1608 1610 1610 1612 1612 1613 1615 1616 1617 1617 1617 1620 1623 1630 1633 1634 1634 1635 1647 1647 1649 1651 1653 1654 1656 1658 1663 1664 1665 1669 1671 1671 1673 1677 1686 1690 1696 1697 1699 1702 1703 1709 1709 1709 1712 1721 1721 1722 1723 1732 1733 1734 1735 1737 1745 1748 1749 1749 1751 1756 1756 1757 1758 1760 1764 1765 1768 1776 1776 1779 1783 1785 1786 1792 1794 1797 1799 1799 1807 1807 1809 1810 1817 1819 1819 1825 1828 1829 1830 1830 1833 1834 1835 1835 1839 1840 1840 1842 1844 1852 1855 1855 1856 1859 1862 1863 1864 1866 1872 1874 1881 1884 1887 1891 1893 1895 1895 1900 1902 1907 1910 1912 1917 1918 1918 1919 1921 1921 1922 1922 1925 1927 1930 1935 1935 1939 1952 1953 1954 1957 1958 1959 1960 1960 1960 1961 1962 1963 1963 1963 1964 1964 1965 1965 1965 1965 1967 1967 1970 1971 1971 1972 1973 1976 1978 1979 1979 1980 1983 1983 1985 1986 1986 1989 1989 2007 2007 2010 2010 2014 2017 2019 2019 2020 2027 2027 2031 2035 2038 2040 2041 2041 2043 2046 2046 2051 2053 2054 2056 2058 2059 2061 2063 2065 2067 2072 2075 2076 2077 2080 2081 2082 2083 2083 2083 2085 2091 2092 2096 2097 2098 2098 2100 2103 2103 2103 2104 2104 2107 2107 2110 2112 2113 2114 2116 2117 2118 2118 2123 2125 2126 2128 2129 2131 2131 2132 2132 2133 2134 2135 2136 2140 2142 2151 2155 2157 2157 2161 2163 2163 2164 2164 2168 2169 2171 2174 2175 2177 2181 2181 2182 2182 2183 2184 2184 2185 2186 2187 2193 2193 2194 2197 2201 2201 2205 2207 2207 2209 2217 2218 2220 2221 2224 2224 2226 2230 2232 2233 2234 2235 2235 2241 2241 2248 2248 2249 2252 2257 2258 2261 2264 2264 2267 2271 2273 2276 2276 2279 2279 2280 2283 2290 2292 2293 2294 2296 2296 2298 2298 2301 2304 2305 2306 2308 2314 2317 2319 2324 2326 2327 2328 2330 2332 2332 2334 2335 2336 2337 2337 2339 2342 2346 2348 2349 2351 2353 2355 2355 2358 2360 2362 2365 2365 2367 2368 2368 2370 2371 2371 2372 2376 2381 2382 2382 2384 2385 2387 2389 2391 2391 2392 2393 2394 2396 2397 2397 2403 2407 2412 2413 2413 2413 2414 2423 2424 2429 2431 2432 2433 2435 2437 2439 2439 2444 2451 2451 2460 2464 2465 2468 2473 2474 2474 2476 2477 2480 2484 2485 2486 2490 2491 2497 2498 2501 2503 2503 2503 2506 2506 2508 2510 2511 2511 2512 2512 2512 2518 2521 2521 2522 2524 2524 2528 2529 2533 2533 2534 2534 2535 2538 2538 2540 2540 2540 2542 2543 2547 2547 2547 2548 2549 2549 2550 2551 2556 2559 2560 2561 2561 2562 2564 2569 2570 2570 2570 2575 2577 2577 2578 2581 2582 2583 2584 2590 2590 2591 2591 2595 2598 2599 2602 2603 2604 2606 2606 2611 2611 2612 2613 2618 2618 2619 2620 2620 2622 2624 2629 2629 2630 2631 2633 2635 2635 2636 2637 2639 2642 2643 2643 2645 2645 2648 2651 2652 2653 2655 2655 2656 2656 2658 2658 2660 2660 2662 2664 2665 2667 2669 2674 2676 2677 2679 2680 2680 2682 2684 2686 2690 2691 2691 2692 2697 2699 2700 2701 2703 2705 2708 2711 2712 2713 2713 2714 2719 2720 2721 2721 2723 2724 2725 2732 2734 2735 2736 2736 2737 2738 2739 2742 2746 2746 2748 2749 2750 2752 2753 2754 2760 2761 2764 2768 2769 2769 2769 2770 2771 2772 2772 2773 2774 2776 2777 2778 2781 2783 2784 2786 2787 2788 2789 2791 2793 2793 2793 2794 2796 2796 2797 2800 2803 2806 2808 2810 2816 2816 2816 2817 2820 2822 2823 2823 2825 2825 2827 2829 2830 2833 2839 2843 2846 2847 2847 2848 2848 2848 2850 2850 2851 2854 2858 2859 2861 2861 2861 2861 2862 2865 2867 2870 2874 2881 2884 2884 2886 2887 2888 2889 2889 2890 2890 2900 2901 2901 2902 2902 2902 2904 2904 2908 2908 2909 2909 2910 2910 2916 2916 2920 2928 2930 2932 2932 2936 2938 2939 2941 2942 2947 2947 2949 2952 2953 2955 2955 2956 2960 2961 2965 2965 2966 2969 2971 2973 2974 2974 2976 2976 2977 2977 2978 2981 2983 2987 2988 2989 2991 2991 2994 2996 2997 3002 3005 3012 3015 3017 3019 3020 3021 3021 3022 3025 3026 3026 3026 3028 3029 3032 3039 3047 3047 3047 3053 3054 3058 3061 3066 3067 3067 3068 3068 3070 3070 3074 3082 3083 3084 3086 3089 3089 3089 3094 3094 3099 3100 3100 3101 3104 3104 3105 3105 3106 3108 3109 3112 3113 3114 3115 3118 3120 3125 3126 3138 3139 3142 3142 3144 3144 3146 3150 3150 3151 3152 3153 3153 3155 3155 3162 3163 3165 3166 3167 3172 3173 3176 3176 3176 3177 3180 3181 3181 3181 3183 3187 3188 3188 3192 3195 3196 3199 3201 3202 3203 3206 3211 3215 3216 3222 3223 3233 3235 3235 3236 3236 3237 3240 3244 3250 3251 3252 3254 3256 3260 3263 3263 3270 3271 3282 3287 3288 3291 3292 3293 3296 3300 3300 3301 3303 3303 3305 3306 3307 3309 3310 3310 3312 3321 3322 3323 3326 3330 3337 3340 3341 3344 3345 3346 3346 3346 3348 3354 3356 3356 3362 3362 3363 3366 3366 3371 3372 3373 3373 3378 3378 3380 3382 3384 3385 3386 3387 3387 3388 3391 3393 3398 3402 3404 3407 3407 3407 3408 3408 3410 3412 3414 3415 3417 3418 3419 3419 3424 3428 3434 3434 3437 3437 3437 3439 3439 3439 3441 3441 3442 3443 3449 3449 3450 3450 3452 3454 3455 3455 3455 3460 3460 3464 3465 3467 3467 3469 3471 3471 3475 3476 3477 3478 3478 3479 3479 3480 3480 3482 3484 3486 3486 3487 3489 3489 3491 3492 3492 3492 3493 3496 3501 3505 3506 3513 3514 3518 3519 3520 3521 3524 3527 3528 3528 3528 3529 3529 3531 3535 3536 3542 3543 3543 3545 3546 3547 3547 3548 3548 3549 3549 3550 3553 3556 3558 3559 3562 3563 3564 3564 3565 3568 3571 3571 3572 3578 3578 3580 3582 3583 3583 3589 3591 3594 3595 3596 3596 3599 3599 3599 3604 3604 3606 3606 3606 3607 3609 3609 3613 3616 3619 3620 3621 3622 3623 3627 3627 3634 3638 3639 3641 3642 3642 3648 3655 3655 3657 3657 3667 3670 3670 3673 3677 3678 3685 3693 3694 3694 3700 3701 3709 3710 3717 3718 3718 3718 3718 3726 3727 3729 3733 3734 3742 3744 3746 3746 3748 3749 3752 3753 3754 3754 3756 3757 3758 3758 3761 3763 3763 3765 3766 3770 3771 3772 3773 3775 3776 3776 3778 3780 3780 3781 3783 3784 3785 3785 3786 3787 3788 3788 3788 3789 3790 3796 3798 3798 3799 3809 3810 3813 3814 3814 3815 3818 3818 3831 3832 3832 3832 3833 3834 3835 3837 3840 3845 3846 3847 3850 3852 3858 3858 3864 3866 3868 3868 3869 3872 3877 3882 3883 3885 3885 3887 3890 3891 3893 3894 3895 3895 3897 3900 3903 3904 3905 3906 3906 3907 3907 3908 3910 3910 3910 3911 3913 3913 3913 3913 3918 3919 3922 3922 3926 3929 3932 3934 3936 3936 3937 3937 3938 3941 3942 3942 3944 3944 3946 3947 3948 3951 3952 3953 3958 3961 3962 3965 3966 3968 3971 3975 3977 3978 3978 3978 3979 3984 3986 3989 3991 3993 3995 3995 3995 3996 3998 3998 4004 4004 4005 4006 4009 4011 4012 4012 4014 4014 4017 4022 4026 4027 4029 4030 4035 4036 4037 4039 4040 4040 4043 4043 4044 4048 4049 4056 4059 4060 4061 4061 4063 4067 4070 4073 4079 4080 4081 4083 4084 4085 4087 4090 4094 4095 4100 4105 4111 4112 4113 4113 4114 4119 4120 4120 4121 4131 4133 4137 4139 4140 4144 4144 4146 4146 4147 4148 4150 4150 4153 4159 4160 4162 4165 4172 4176 4178 4178 4183 4184 4185 4189 4191 4193 4196 4196 4197 4201 4202 4202 4204 4204 4205 4210 4215 4216 4218 4222 4223 4225 4228 4229 4231 4238 4239 4239 4245 4248 4248 4252 4252 4253 4253 4256 4257 4257 4258 4260 4260 4263 4266 4269 4272 4273 4275 4276 4278 4278 4279 4280 4281 4288 4289 4294 4295 4295 4297 4300 4303 4303 4306 4310 4310 4311 4315 4315 4316 4318 4322 4324 4326 4327 4328 4331 4332 4333 4334 4334 4335 4336 4340 4344 4344 4346 4346 4351 4353 4354 4355 4357 4359 4364 4365 4365 4366 4366 4369 4371 4372 4374 4375 4375 4378 4380 4383 4384 4385 4388 4388 4389 4390 4390 4391 4391 4391 4393 4395 4396 4396 4403 4406 4406 4406 4408 4411 4411 4413 4414 4415 4417 4418 4421 4424 4426 4426 4428 4433 4436 4437 4437 4439 4440 4445 4447 4450 4452 4455 4457 4458 4460 4460 4460 4461 4462 4464 4465 4466 4468 4469 4473 4474 4477 4477 4482 4488 4490 4492 4494 4494 4495 4495 4496 4501 4502 4502 4505 4507 4509 4512 4512 4513 4520 4520 4524 4531 4532 4532 4532 4534 4534 4536 4541 4544 4545 4546 4547 4548 4548 4551 4553 4553 4553 4553 4554 4554 4554 4555 4559 4562 4562 4564 4565 4568 4573 4576 4578 4579 4581 4586 4587 4588 4589 4594 4594 4599 4599 4599 4600 4600 4608 4610 4611 4611 4613 4614 4618 4623 4624 4624 4626 4629 4632 4632 4639 4643 4644 4645 4645 4651 4651 4654 4658 4668 4672 4672 4672 4675 4676 4676 4677 4680 4682 4683 4685 4685 4687 4688 4692 4692 4695 4701 4701 4703 4703 4704 4704 4706 4706 4710 4710 4712 4716 4716 4717 4719 4720 4721 4723 4725 4727 4730 4730 4731 4733 4736 4737 4737 4739 4741 4745 4745 4746 4747 4754 4757 4757 4765 4769 4771 4772 4773 4774 4776 4780 4780 4781 4782 4784 4789 4791 4791 4794 4794 4795 4797 4798 4800 4801 4803 4805 4806 4807 4809 4810 4810 4811 4816 4818 4820 4821 4823 4825 4828 4828 4829 4831 4834 4835 4842 4844 4845 4845 4846 4846 4847 4848 4848 4849 4852 4853 4854 4857 4858 4861 4861 4873 4874 4875 4876 4878 4881 4882 4882 4882 4893 4893 4894 4896 4896 4896 4900 4900 4903 4903 4909 4909 4911 4912 4912 4914 4914 4917 4922 4926 4927 4931 4934 4936 4936 4939 4940 4940 4940 4941 4941 4944 4945 4945 4945 4946 4950 4950 4951 4955 4955 4956 4961 4962 4963 4965 4966 4972 4972 4975 4976 4980 4981 4983 4985 4986 4987 4992 4993 4993 4996 4999 5000 5001 5006 5007 5008 5011 5013 5015 5017 5020 5020 5020 5022 5022 5023 5024 5025 5027 5030 5030 5032 5034 5035 5040 5041 5043 5043 5044 5045 5045 5047 5049 5054 5067 5068 5069 5070 5070 5071 5072 5075 5076 5076 5079 5079 5081 5082 5083 5085 5088 5089 5097 5103 5103 5109 5111 5112 5115 5116 5122 5123 5125 5126 5127 5130 5132 5132 5133 5134 5134 5136 5140 5143 5144 5145 5146 5150 5154 5155 5156 5157 5157 5157 5159 5161 5164 5167 5168 5170 5170 5170 5170 5171 5171 5176 5176 5178 5178 5178 5178 5179 5182 5185 5187 5188 5190 5190 5191 5194 5194 5195 5196 5196 5201 5202 5203 5203 5205 5209 5216 5218 5220 5220 5220 5222 5224 5224 5225 5225 5225 5228 5230 5231 5231 5231 5231 5232 5233 5235 5236 5237 5240 5245 5245 5246 5249 5255 5257 5257 5257 5257 5258 5260 5263 5264 5268 5269 5270 5270 5271 5279 5280 5283 5286 5287 5288 5291 5295 5297 5298 5301 5303 5305 5309 5311 5313 5318 5319 5319 5323 5324 5325 5326 5326 5328 5338 5339 5339 5342 5343 5346 5346 5349 5349 5352 5353 5359 5362 5363 5364 5365 5366 5366 5368 5369 5372 5373 5379 5381 5385 5386 5386 5389 5392 5394 5401 5414 5415 5417 5417 5417 5418 5418 5419 5420 5420 5423 5425 5428 5428 5432 5432 5433 5434 5440 5441 5444 5444 5449 5450 5453 5454 5454 5461 5462 5466 5468 5469 5470 5471 5473 5475 5481 5483 5484 5484 5485 5485 5487 5488 5489 5489 5489 5489 5495 5496 5496 5501 5501 5503 5505 5505 5506 5508 5510 5510 5510 5518 5523 5525 5529 5531 5534 5534 5537 5539 5543 5544 5545 5546 5550 5551 5551 5552 5556 5558 5559 5559 5560 5561 5562 5564 5567 5568 5571 5574 5578 5581 5585 5586 5588 5589 5590 5593 5596 5596 5598 5598 5599 5600 5600 5600 5601 5602 5602 5603 5612 5614 5615 5618 5621 5622 5625 5625 5625 5627 5628 5630 5635 5636 5637 5638 5645 5646 5647 5647 5647 5648 5648 5649 5650 5657 5659 5660 5661 5661 5661 5662 5663 5666 5667 5669 5674 5675 5678 5679 5680 5684 5685 5685 5689 5690 5691 5695 5695 5697 5698 5701 5706 5710 5710 5714 5720 5722 5726 5726 5726 5732 5734 5734 5735 5737 5738 5739 5744 5745 5745 5746 5746 5751 5753 5755 5757 5762 5762 5765 5770 5771 5773 5778 5781 5782 5785 5791 5792 5794 5796 5798 5803 5803 5804 5810 5810 5817 5818 5819 5821 5822 5823 5828 5829 5833 5838 5840 5840 5844 5845 5846 5847 5848 5848 5848 5851 5852 5853 5854 5859 5862 5863 5863 5865 5867 5868 5873 5874 5876 5876 5882 5888 5888 5888 5893 5894 5896 5902 5903 5904 5904 5912 5913 5913 5915 5916 5918 5919 5920 5923 5923 5923 5923 5923 5925 5933 5936 5951 5953 5956 5959 5959 5962 5968 5968 5974 5974 5977 5979 5981 5982 5982 5983 5985 5987 5987 5988 5988 5991 5995 5998 5999 5999 6001 6002 6007 6007 6009 6010 6010 6012 6013 6014 6016 6016 6018 6024 6025 6025 6029 6030 6033 6034 6035 6038 6038 6041 6041 6041 6041 6045 6050 6050 6050 6051 6054 6054 6055 6057 6057 6063 6069 6073 6074 6077 6079 6082 6082 6084 6084 6084 6089 6090 6090 6091 6094 6095 6097 6101 6101 6112 6113 6116 6118 6119 6120 6121 6123 6125 6125 6134 6134 6136 6139 6140 6141 6142 6145 6150 6153 6153 6156 6158 6160 6161 6163 6167 6168 6169 6171 6172 6178 6178 6179 6183 6186 6187 6187 6188 6193 6196 6201 6203 6205 6205 6208 6210 6210 6213 6213 6215 6220 6222 6222 6223 6225 6228 6230 6231 6232 6234 6235 6236 6237 6240 6244 6247 6248 6248 6250 6255 6257 6257 6258 6259 6260 6262 6267 6267 6269 6270 6271 6274 6275 6277 6277 6280 6280 6282 6283 6283 6284 6284 6291 6293 6294 6295 6295 6298 6299 6305 6311 6312 6312 6312 6314 6315 6315 6318 6320 6320 6320 6321 6322 6326 6328 6335 6340 6341 6341 6342 6342 6343 6344 6345 6357 6357 6358 6358 6365 6365 6368 6369 6371 6371 6374 6381 6384 6385 6386 6388 6390 6391 6394 6395 6395 6396 6398 6400 6401 6406 6407 6408 6410 6413 6417 6420 6420 6422 6422 6429 6430 6432 6434 6435 6435 6436 6445 6446 6449 6453 6453 6453 6454 6456 6456 6457 6460 6461 6461 6462 6464 6468 6474 6475 6476 6476 6477 6477 6478 6481 6482 6482 6483 6485 6485 6485 6486 6488 6488 6491 6496 6496 6497 6515 6517 6517 6523 6526 6526 6531 6534 6535 6535 6536 6538 6539 6540 6541 6542 6545 6547 6548 6548 6549 6549 6549 6551 6551 6552 6552 6552 6553 6554 6554 6558 6561 6561 6562 6564 6564 6565 6569 6571 6574 6575 6576 6579 6582 6583 6583 6583 6585 6587 6588 6593 6594 6594 6594 6596 6596 6604 6606 6608 6609 6610 6611 6611 6613 6616 6619 6619 6627 6628 6628 6628 6639 6640 6640 6643 6644 6647 6652 6655 6659 6665 6672 6672 6673 6675 6676 6676 6677 6679 6679 6680 6681 6682 6682 6685 6685 6690 6692 6696 6700 6702 6705 6709 6709 6709 6711 6711 6714 6714 6717 6721 6722 6729 6730 6732 6733 6733 6736 6738 6739 6741 6746 6749 6753 6760 6760 6761 6762 6763 6767 6771 6771 6776 6777 6778 6778 6780 6780 6781 6782 6782 6787 6787 6788 6789 6790 6792 6796 6797 6800 6801 6801 6804 6806 6810 6810 6811 6812 6814 6814 6814 6817 6818 6824 6825 6827 6827 6828 6828 6829 6829 6830 6844 6844 6847 6850 6852 6855 6856 6858 6858 6860 6861 6863 6864 6867 6868 6868 6871 6873 6877 6882 6887 6887 6889 6895 6899 6900 6901 6901 6904 6904 6908 6909 6911 6912 6912 6913 6914 6914 6914 6915 6917 6919 6922 6922 6924 6926 6928 6928 6931 6932 6935 6938 6939 6940 6941 6942 6948 6948 6950 6952 6955 6957 6959 6959 6961 6965 6966 6973 6974 6974 6975 6975 6975 6977 6978 6979 6980 6981 6981 6984 6984 6986 6993 6993 6994 6995 6999 7001 7002 7002 7006 7007 7009 7010 7014 7015 7022 7022 7026 7027 7030 7032 7035 7038 7043 7047 7049 7050 7055 7057 7058 7060 7060 7061 7062 7064 7067 7070 7073 7076 7076 7078 7079 7081 7081 7086 7090 7091 7092 7092 7092 7094 7096 7098 7099 7103 7104 7104 7108 7111 7113 7116 7120 7127 7128 7131 7140 7145 7145 7147 7148 7149 7149 7150 7150 7151 7151 7154 7157 7162 7163 7166 7166 7166 7172 7178 7179 7180 7181 7186 7189 7191 7194 7210 7211 7212 7212 7214 7214 7222 7224 7225 7226 7227 7228 7229 7230 7232 7233 7235 7245 7246 7248 7251 7252 7252 7253 7253 7257 7260 7261 7262 7262 7262 7264 7265 7266 7267 7268 7270 7273 7275 7278 7281 7285 7285 7285 7291 7292 7293 7294 7301 7303 7304 7307 7309 7317 7321 7321 7322 7322 7323 7325 7329 7331 7332 7335 7338 7340 7340 7340 7343 7345 7350 7354 7354 7357 7359 7363 7367 7369 7370 7373 7374 7374 7376 7379 7381 7382 7386 7386 7386 7388 7391 7391 7392 7394 7395 7396 7407 7409 7411 7412 7415 7421 7424 7426 7429 7445 7449 7450 7453 7455 7456 7459 7460 7463 7464 7465 7465 7469 7469 7471 7476 7480 7481 7483 7487 7488 7504 7505 7507 7509 7514 7517 7518 7518 7518 7519 7520 7521 7521 7523 7526 7526 7528 7533 7536 7538 7546 7546 7546 7546 7549 7554 7555 7557 7557 7558 7559 7562 7564 7564 7565 7566 7566 7571 7571 7586 7588 7589 7591 7593 7600 7601 7605 7608 7609 7611 7614 7616 7621 7624 7627 7627 7629 7632 7633 7634 7639 7639 7639 7640 7640 7642 7643 7644 7648 7650 7651 7653 7654 7656 7658 7659 7659 7662 7664 7665 7668 7668 7668 7669 7671 7681 7682 7682 7684 7685 7685 7687 7688 7689 7691 7693 7693 7695 7697 7699 7699 7700 7704 7705 7706 7707 7713 7715 7715 7718 7724 7725 7726 7726 7729 7731 7732 7734 7741 7744 7745 7747 7752 7752 7753 7756 7756 7757 7761 7763 7764 7765 7769 7772 7775 7777 7777 7779 7781 7784 7784 7785 7787 7787 7789 7791 7791 7792 7792 7795 7797 7799 7803 7804 7806 7808 7810 7811 7815 7816 7818 7819 7820 7823 7826 7828 7828 7831 7834 7837 7837 7838 7839 7842 7843 7844 7848 7853 7854 7855 7855 7856 7859 7860 7860 7863 7866 7867 7867 7869 7870 7873 7874 7875 7877 7883 7883 7886 7887 7887 7887 7895 7899 7902 7903 7906 7906 7906 7909 7915 7922 7922 7926 7929 7930 7930 7930 7932 7933 7936 7937 7939 7945 7946 7947 7949 7950 7954 7956 7957 7957 7958 7962 7964 7965 7965 7967 7968 7973 7975 7976 7982 7985 7985 7986 7986 7992 7993 7996 7998 8000 8000 8007 8007 8009 8009 8010 8014 8016 8017 8019 8022 8022 8022 8027 8027 8028 8037 8038 8039 8043 8045 8049 8055 8059 8060 8060 8062 8062 8063 8064 8065 8065 8066 8067 8068 8068 8068 8068 8069 8071 8071 8072 8074 8075 8076 8079 8084 8085 8086 8088 8089 8089 8091 8091 8092 8093 8095 8096 8097 8098 8099 8099 8101 8102 8103 8107 8109 8115 8116 8120 8123 8125 8126 8134 8136 8139 8142 8142 8146 8146 8148 8150 8150 8153 8153 8153 8157 8158 8159 8163 8164 8164 8164 8164 8171 8172 8176 8177 8179 8183 8183 8184 8190 8190 8191 8193 8196 8203 8204 8207 8208 8212 8214 8214 8221 8225 8229 8230 8230 8232 8233 8235 8236 8238 8240 8244 8245 8246 8249 8250 8250 8250 8253 8254 8258 8264 8271 8272 8277 8279 8279 8285 8289 8294 8296 8297 8297 8300 8300 8302 8302 8302 8311 8313 8318 8318 8322 8326 8328 8330 8332 8332 8339 8342 8343 8344 8346 8346 8349 8350 8354 8354 8359 8364 8369 8371 8375 8377 8378 8378 8381 8385 8387 8389 8390 8393 8397 8399 8403 8404 8409 8409 8410 8410 8413 8416 8416 8417 8420 8421 8423 8425 8430 8431 8432 8434 8435 8437 8439 8440 8442 8442 8447 8450 8454 8459 8465 8467 8468 8471 8472 8478 8481 8481 8482 8490 8494 8495 8501 8502 8503 8504 8505 8505 8506 8508 8509 8510 8510 8514 8516 8517 8517 8520 8522 8524 8526 8529 8530 8530 8531 8532 8535 8536 8537 8540 8541 8542 8546 8547 8550 8550 8551 8552 8552 8558 8559 8562 8570 8572 8572 8573 8575 8575 8577 8577 8578 8579 8581 8583 8587 8590 8593 8594 8595 8596 8598 8599 8602 8606 8608 8609 8611 8612 8614 8620 8623 8624 8626 8628 8628 8631 8633 8637 8638 8638 8640 8641 8645 8648 8651 8653 8653 8654 8654 8655 8656 8657 8658 8658 8659 8667 8670 8672 8673 8674 8675 8676 8678 8680 8680 8683 8684 8687 8690 8690 8691 8691 8693 8698 8699 8699 8700 8706 8707 8707 8709 8711 8711 8711 8713 8718 8722 8725 8727 8727 8727 8740 8741 8744 8744 8745 8746 8747 8748 8749 8751 8752 8754 8756 8757 8758 8758 8764 8766 8773 8774 8775 8777 8777 8778 8780 8781 8783 8783 8784 8785 8787 8789 8790 8792 8796 8798 8800 8807 8817 8818 8818 8819 8819 8820 8835 8841 8845 8848 8850 8851 8854 8857 8858 8860 8861 8867 8868 8872 8874 8875 8875 8876 8879 8886 8886 8887 8890 8891 8892 8895 8901 8902 8903 8908 8909 8912 8915 8915 8916 8916 8921 8922 8923 8923 8924 8929 8930 8931 8932 8934 8934 8935 8935 8936 8940 8945 8946 8947 8949 8949 8951 8954 8957 8958 8962 8964 8965 8967 8968 8968 8969 8971 8975 8976 8983 8985 8986 8987 8989 8992 8994 8995 9000 9001 9003 9003 9006 9007 9007 9009 9009 9009 9009 9011 9014 9019 9020 9021 9022 9024 9024 9025 9026 9027 9028 9031 9031 9031 9031 9035 9038 9039 9045 9048 9051 9052 9055 9055 9060 9061 9062 9062 9065 9066 9066 9066 9066 9068 9069 9075 9077 9080 9081 9083 9084 9086 9091 9092 9093 9094 9094 9097 9099 9102 9104 9104 9104 9105 9109 9114 9119 9119 9122 9127 9132 9134 9135 9141 9141 9142 9145 9145 9148 9149 9151 9152 9155 9160 9164 9164 9164 9171 9172 9175 9176 9180 9184 9192 9193 9193 9194 9196 9198 9199 9199 9200 9202 9203 9208 9210 9212 9213 9217 9218 9219 9220 9221 9235 9235 9239 9240 9244 9245 9248 9250 9252 9253 9254 9257 9258 9259 9265 9265 9270 9275 9276 9277 9277 9282 9282 9283 9288 9289 9291 9293 9294 9298 9300 9301 9302 9303 9304 9304 9306 9306 9309 9314 9314 9316 9323 9325 9326 9326 9326 9326 9331 9338 9338 9339 9341 9344 9345 9346 9353 9357 9359 9367 9371 9371 9372 9373 9375 9375 9378 9379 9380 9382 9385 9386 9387 9389 9389 9389 9395 9398 9399 9399 9400 9405 9406 9406 9410 9411 9412 9413 9415 9417 9418 9420 9420 9421 9423 9423 9423 9426 9427 9435 9435 9437 9437 9438 9441 9441 9442 9445 9446 9447 9449 9452 9453 9453 9454 9456 9456 9456 9456 9457 9457 9459 9461 9463 9463 9465 9466 9468 9470 9472 9475 9476 9478 9487 9490 9495 9498 9501 9501 9504 9508 9513 9515 9516 9517 9521 9522 9522 9522 9528 9529 9530 9533 9535 9536 9536 9543 9545 9546 9546 9547 9548 9550 9551 9557 9557 9559 9561 9562 9562 9563 9566 9567 9567 9568 9568 9570 9572 9573 9574 9575 9581 9586 9587 9588 9589 9589 9592 9594 9594 9597 9598 9599 9601 9602 9605 9609 9610 9612 9612 9614 9614 9615 9627 9628 9628 9628 9630 9639 9640 9640 9640 9647 9654 9657 9657 9658 9658 9660 9670 9674 9678 9680 9682 9682 9682 9683 9688 9692 9695 9699 9702 9703 9705 9706 9706 9714 9715 9716 9716 9717 9725 9727 9733 9736 9736 9742 9744 9744 9746 9748 9749 9750 9751 9753 9762 9763 9769 9772 9773 9775 9779 9781 9786 9787 9788 9792 9792 9794 9795 9803 9804 9806 9806 9811 9812 9813 9818 9819 9826 9830 9830 9833 9835 9835 9837 9838 9839 9841 9841 9842 9843 9844 9844 9845 9846 9849 9850 9853 9856 9858 9860 9860 9862 9864 9866 9869 9871 9880 9882 9882 9883 9883 9883 9886 9894 9896 9896 9898 9901 9901 9904 9904 9906 9907 9907 9912 9913 9913 9915 9917 9923 9927 9928 9929 9929 9939 9939 9941 9941 9943 9944 9947 9947 9948 9949 9950 9951 9953 9954 9955 9956 9956 9956 9958 9958 9958 9964 9964 9966 9966 9970 9972 9974 9980 9981 9984 9989 9991 9991 9992 9998 9998 9999 
